""2023-02-18 18:32:47" - |INFO| - [mqtt_connector.py] - mqtt_connector - load_handlers - 260 - Number of accepted mapping handlers: 4"
""2023-02-18 18:32:47" - |INFO| - [mqtt_connector.py] - mqtt_connector - load_handlers - 264 - Number of rejected mapping handlers: 0"
""2023-02-18 18:32:47" - |INFO| - [mqtt_connector.py] - mqtt_connector - load_handlers - 260 - Number of accepted serverSideRpc handlers: 1"
""2023-02-18 18:32:47" - |INFO| - [mqtt_connector.py] - mqtt_connector - load_handlers - 264 - Number of rejected serverSideRpc handlers: 0"
""2023-02-18 18:32:47" - |INFO| - [mqtt_connector.py] - mqtt_connector - load_handlers - 260 - Number of accepted connectRequests handlers: 2"
""2023-02-18 18:32:47" - |INFO| - [mqtt_connector.py] - mqtt_connector - load_handlers - 264 - Number of rejected connectRequests handlers: 0"
""2023-02-18 18:32:47" - |INFO| - [mqtt_connector.py] - mqtt_connector - load_handlers - 260 - Number of accepted disconnectRequests handlers: 2"
""2023-02-18 18:32:47" - |INFO| - [mqtt_connector.py] - mqtt_connector - load_handlers - 264 - Number of rejected disconnectRequests handlers: 0"
""2023-02-18 18:32:47" - |INFO| - [mqtt_connector.py] - mqtt_connector - load_handlers - 260 - Number of accepted attributeRequests handlers: 1"
""2023-02-18 18:32:47" - |INFO| - [mqtt_connector.py] - mqtt_connector - load_handlers - 264 - Number of rejected attributeRequests handlers: 0"
""2023-02-18 18:32:47" - |INFO| - [mqtt_connector.py] - mqtt_connector - load_handlers - 260 - Number of accepted attributeUpdates handlers: 1"
""2023-02-18 18:32:47" - |INFO| - [mqtt_connector.py] - mqtt_connector - load_handlers - 264 - Number of rejected attributeUpdates handlers: 0"
""2023-02-18 18:32:47" - |INFO| - [mqtt_connector.py] - mqtt_connector - _on_connect - 327 - MQTT Broker Connector connected to 127.0.0.1:1883 - successfully."
""2023-02-18 18:32:47" - |INFO| - [mqtt_connector.py] - mqtt_connector - _on_connect - 386 - Connector "MQTT Broker Connector" subscribe to v1/devices/me/telemetry"
""2023-02-18 18:32:47" - |INFO| - [mqtt_connector.py] - mqtt_connector - _on_connect - 386 - Connector "MQTT Broker Connector" subscribe to /sensor/+/data"
""2023-02-18 18:32:47" - |INFO| - [mqtt_connector.py] - mqtt_connector - _on_connect - 386 - Connector "MQTT Broker Connector" subscribe to /sensor/raw_data"
""2023-02-18 18:32:47" - |INFO| - [mqtt_connector.py] - mqtt_connector - _on_connect - 386 - Connector "MQTT Broker Connector" subscribe to /custom/sensors/+"
""2023-02-18 18:32:47" - |INFO| - [mqtt_connector.py] - mqtt_connector - _on_subscribe - 429 - (<paho.mqtt.properties.Properties object at 0xffff8843fb50>,)"
""2023-02-18 18:32:47" - |INFO| - [mqtt_connector.py] - mqtt_connector - _on_subscribe - 436 - "MQTT Broker Connector" subscription success to topic v1/devices/me/telemetry, subscription message id = 1"
""2023-02-18 18:32:47" - |INFO| - [mqtt_connector.py] - mqtt_connector - _on_subscribe - 429 - (<paho.mqtt.properties.Properties object at 0xffff8843fa60>,)"
""2023-02-18 18:32:47" - |INFO| - [mqtt_connector.py] - mqtt_connector - _on_subscribe - 436 - "MQTT Broker Connector" subscription success to topic /sensor/+/data, subscription message id = 2"
""2023-02-18 18:32:47" - |INFO| - [mqtt_connector.py] - mqtt_connector - _on_subscribe - 429 - (<paho.mqtt.properties.Properties object at 0xffff8843fa00>,)"
""2023-02-18 18:32:47" - |INFO| - [mqtt_connector.py] - mqtt_connector - _on_subscribe - 436 - "MQTT Broker Connector" subscription success to topic /sensor/raw_data, subscription message id = 3"
""2023-02-18 18:32:47" - |INFO| - [mqtt_connector.py] - mqtt_connector - _on_subscribe - 429 - (<paho.mqtt.properties.Properties object at 0xffff883c2e50>,)"
""2023-02-18 18:32:47" - |INFO| - [mqtt_connector.py] - mqtt_connector - _on_subscribe - 436 - "MQTT Broker Connector" subscription success to topic /custom/sensors/+, subscription message id = 4"
""2023-02-18 18:32:47" - |INFO| - [mqtt_connector.py] - mqtt_connector - _on_subscribe - 429 - (<paho.mqtt.properties.Properties object at 0xffff883f2a90>,)"
""2023-02-18 18:32:47" - |INFO| - [mqtt_connector.py] - mqtt_connector - _on_subscribe - 436 - "MQTT Broker Connector" subscription success to topic sensor/connect, subscription message id = 5"
""2023-02-18 18:32:47" - |INFO| - [mqtt_connector.py] - mqtt_connector - _on_subscribe - 429 - (<paho.mqtt.properties.Properties object at 0xffff883f2b80>,)"
""2023-02-18 18:32:47" - |INFO| - [mqtt_connector.py] - mqtt_connector - _on_subscribe - 436 - "MQTT Broker Connector" subscription success to topic sensor/+/connect, subscription message id = 6"
""2023-02-18 18:32:47" - |INFO| - [mqtt_connector.py] - mqtt_connector - _on_subscribe - 429 - (<paho.mqtt.properties.Properties object at 0xffff883f2b20>,)"
""2023-02-18 18:32:47" - |INFO| - [mqtt_connector.py] - mqtt_connector - _on_subscribe - 436 - "MQTT Broker Connector" subscription success to topic sensor/disconnect, subscription message id = 7"
""2023-02-18 18:32:47" - |INFO| - [mqtt_connector.py] - mqtt_connector - _on_subscribe - 429 - (<paho.mqtt.properties.Properties object at 0xffff883f2e80>,)"
""2023-02-18 18:32:47" - |INFO| - [mqtt_connector.py] - mqtt_connector - _on_subscribe - 436 - "MQTT Broker Connector" subscription success to topic sensor/+/disconnect, subscription message id = 8"
""2023-02-18 18:32:47" - |INFO| - [mqtt_connector.py] - mqtt_connector - _on_subscribe - 429 - (<paho.mqtt.properties.Properties object at 0xffff88041f70>,)"
""2023-02-18 18:32:47" - |INFO| - [mqtt_connector.py] - mqtt_connector - _on_subscribe - 436 - "MQTT Broker Connector" subscription success to topic v1/devices/me/attributes/request, subscription message id = 9"
""2023-02-18 18:32:49" - |INFO| - [mqtt_connector.py] - mqtt_connector - _on_connect - 327 - MQTT Broker Connector connected to 127.0.0.1:1883 - successfully."
""2023-02-18 18:32:49" - |INFO| - [mqtt_connector.py] - mqtt_connector - _on_connect - 386 - Connector "MQTT Broker Connector" subscribe to v1/devices/me/telemetry"
""2023-02-18 18:32:49" - |INFO| - [mqtt_connector.py] - mqtt_connector - _on_connect - 386 - Connector "MQTT Broker Connector" subscribe to /sensor/+/data"
""2023-02-18 18:32:49" - |INFO| - [mqtt_connector.py] - mqtt_connector - _on_connect - 386 - Connector "MQTT Broker Connector" subscribe to /sensor/raw_data"
""2023-02-18 18:32:49" - |INFO| - [mqtt_connector.py] - mqtt_connector - _on_connect - 386 - Connector "MQTT Broker Connector" subscribe to /custom/sensors/+"
""2023-02-18 18:32:49" - |INFO| - [mqtt_connector.py] - mqtt_connector - _on_subscribe - 429 - (<paho.mqtt.properties.Properties object at 0xffff883f26d0>,)"
""2023-02-18 18:32:49" - |INFO| - [mqtt_connector.py] - mqtt_connector - _on_subscribe - 436 - "MQTT Broker Connector" subscription success to topic v1/devices/me/telemetry, subscription message id = 10"
""2023-02-18 18:32:49" - |INFO| - [mqtt_connector.py] - mqtt_connector - _on_subscribe - 429 - (<paho.mqtt.properties.Properties object at 0xffff8842f400>,)"
""2023-02-18 18:32:49" - |INFO| - [mqtt_connector.py] - mqtt_connector - _on_subscribe - 436 - "MQTT Broker Connector" subscription success to topic /sensor/+/data, subscription message id = 11"
""2023-02-18 18:32:49" - |INFO| - [mqtt_connector.py] - mqtt_connector - _on_subscribe - 429 - (<paho.mqtt.properties.Properties object at 0xffff883c2700>,)"
""2023-02-18 18:32:49" - |INFO| - [mqtt_connector.py] - mqtt_connector - _on_subscribe - 436 - "MQTT Broker Connector" subscription success to topic /sensor/raw_data, subscription message id = 12"
""2023-02-18 18:32:49" - |INFO| - [mqtt_connector.py] - mqtt_connector - _on_subscribe - 429 - (<paho.mqtt.properties.Properties object at 0xffff8842f400>,)"
""2023-02-18 18:32:49" - |INFO| - [mqtt_connector.py] - mqtt_connector - _on_subscribe - 436 - "MQTT Broker Connector" subscription success to topic /custom/sensors/+, subscription message id = 13"
""2023-02-18 18:32:49" - |INFO| - [mqtt_connector.py] - mqtt_connector - _on_subscribe - 429 - (<paho.mqtt.properties.Properties object at 0xffff883c26a0>,)"
""2023-02-18 18:32:49" - |INFO| - [mqtt_connector.py] - mqtt_connector - _on_subscribe - 436 - "MQTT Broker Connector" subscription success to topic sensor/connect, subscription message id = 14"
""2023-02-18 18:32:49" - |INFO| - [mqtt_connector.py] - mqtt_connector - _on_subscribe - 429 - (<paho.mqtt.properties.Properties object at 0xffff8842f430>,)"
""2023-02-18 18:32:49" - |INFO| - [mqtt_connector.py] - mqtt_connector - _on_subscribe - 436 - "MQTT Broker Connector" subscription success to topic sensor/+/connect, subscription message id = 15"
""2023-02-18 18:32:49" - |INFO| - [mqtt_connector.py] - mqtt_connector - _on_subscribe - 429 - (<paho.mqtt.properties.Properties object at 0xffff883c2700>,)"
""2023-02-18 18:32:49" - |INFO| - [mqtt_connector.py] - mqtt_connector - _on_subscribe - 436 - "MQTT Broker Connector" subscription success to topic sensor/disconnect, subscription message id = 16"
""2023-02-18 18:32:49" - |INFO| - [mqtt_connector.py] - mqtt_connector - _on_subscribe - 429 - (<paho.mqtt.properties.Properties object at 0xffff8842f400>,)"
""2023-02-18 18:32:49" - |INFO| - [mqtt_connector.py] - mqtt_connector - _on_subscribe - 436 - "MQTT Broker Connector" subscription success to topic sensor/+/disconnect, subscription message id = 17"
""2023-02-18 18:32:49" - |INFO| - [mqtt_connector.py] - mqtt_connector - _on_subscribe - 429 - (<paho.mqtt.properties.Properties object at 0xffff883c26a0>,)"
""2023-02-18 18:32:49" - |INFO| - [mqtt_connector.py] - mqtt_connector - _on_subscribe - 436 - "MQTT Broker Connector" subscription success to topic v1/devices/me/attributes/request, subscription message id = 18"
""2023-02-18 18:32:49" - |INFO| - [mqtt_connector.py] - mqtt_connector - _process_on_message - 559 - Connecting device Group-Led-1 of type default"
""2023-02-18 18:32:49" - |INFO| - [mqtt_connector.py] - mqtt_connector - _process_on_message - 559 - Connecting device Group-Led-2 of type default"
""2023-02-18 18:32:51" - |INFO| - [mqtt_connector.py] - mqtt_connector - _on_connect - 327 - MQTT Broker Connector connected to 127.0.0.1:1883 - successfully."
""2023-02-18 18:32:51" - |INFO| - [mqtt_connector.py] - mqtt_connector - _on_connect - 386 - Connector "MQTT Broker Connector" subscribe to v1/devices/me/telemetry"
""2023-02-18 18:32:51" - |INFO| - [mqtt_connector.py] - mqtt_connector - _on_connect - 386 - Connector "MQTT Broker Connector" subscribe to /sensor/+/data"
""2023-02-18 18:32:51" - |INFO| - [mqtt_connector.py] - mqtt_connector - _on_connect - 386 - Connector "MQTT Broker Connector" subscribe to /sensor/raw_data"
""2023-02-18 18:32:51" - |INFO| - [mqtt_connector.py] - mqtt_connector - _on_connect - 386 - Connector "MQTT Broker Connector" subscribe to /custom/sensors/+"
""2023-02-18 18:32:51" - |INFO| - [mqtt_connector.py] - mqtt_connector - _on_subscribe - 429 - (<paho.mqtt.properties.Properties object at 0xffff7846a160>,)"
""2023-02-18 18:32:51" - |INFO| - [mqtt_connector.py] - mqtt_connector - _on_subscribe - 436 - "MQTT Broker Connector" subscription success to topic v1/devices/me/telemetry, subscription message id = 19"
""2023-02-18 18:32:51" - |INFO| - [mqtt_connector.py] - mqtt_connector - _on_subscribe - 429 - (<paho.mqtt.properties.Properties object at 0xffff7846a250>,)"
""2023-02-18 18:32:51" - |INFO| - [mqtt_connector.py] - mqtt_connector - _on_subscribe - 436 - "MQTT Broker Connector" subscription success to topic /sensor/+/data, subscription message id = 20"
""2023-02-18 18:32:51" - |INFO| - [mqtt_connector.py] - mqtt_connector - _on_subscribe - 429 - (<paho.mqtt.properties.Properties object at 0xffff7846adf0>,)"
""2023-02-18 18:32:51" - |INFO| - [mqtt_connector.py] - mqtt_connector - _on_subscribe - 436 - "MQTT Broker Connector" subscription success to topic /sensor/raw_data, subscription message id = 21"
""2023-02-18 18:32:51" - |INFO| - [mqtt_connector.py] - mqtt_connector - _on_subscribe - 429 - (<paho.mqtt.properties.Properties object at 0xffff7846a160>,)"
""2023-02-18 18:32:51" - |INFO| - [mqtt_connector.py] - mqtt_connector - _on_subscribe - 436 - "MQTT Broker Connector" subscription success to topic /custom/sensors/+, subscription message id = 22"
""2023-02-18 18:32:51" - |INFO| - [mqtt_connector.py] - mqtt_connector - _on_subscribe - 429 - (<paho.mqtt.properties.Properties object at 0xffff7846a250>,)"
""2023-02-18 18:32:51" - |INFO| - [mqtt_connector.py] - mqtt_connector - _on_subscribe - 436 - "MQTT Broker Connector" subscription success to topic sensor/connect, subscription message id = 23"
""2023-02-18 18:32:51" - |INFO| - [mqtt_connector.py] - mqtt_connector - _on_subscribe - 429 - (<paho.mqtt.properties.Properties object at 0xffff7846adf0>,)"
""2023-02-18 18:32:51" - |INFO| - [mqtt_connector.py] - mqtt_connector - _on_subscribe - 436 - "MQTT Broker Connector" subscription success to topic sensor/+/connect, subscription message id = 24"
""2023-02-18 18:32:51" - |INFO| - [mqtt_connector.py] - mqtt_connector - _on_subscribe - 429 - (<paho.mqtt.properties.Properties object at 0xffff7846a160>,)"
""2023-02-18 18:32:51" - |INFO| - [mqtt_connector.py] - mqtt_connector - _on_subscribe - 436 - "MQTT Broker Connector" subscription success to topic sensor/disconnect, subscription message id = 25"
""2023-02-18 18:32:51" - |INFO| - [mqtt_connector.py] - mqtt_connector - _on_subscribe - 429 - (<paho.mqtt.properties.Properties object at 0xffff7846a250>,)"
""2023-02-18 18:32:51" - |INFO| - [mqtt_connector.py] - mqtt_connector - _on_subscribe - 436 - "MQTT Broker Connector" subscription success to topic sensor/+/disconnect, subscription message id = 26"
""2023-02-18 18:32:51" - |INFO| - [mqtt_connector.py] - mqtt_connector - _on_subscribe - 429 - (<paho.mqtt.properties.Properties object at 0xffff7846adf0>,)"
""2023-02-18 18:32:51" - |INFO| - [mqtt_connector.py] - mqtt_connector - _on_subscribe - 436 - "MQTT Broker Connector" subscription success to topic v1/devices/me/attributes/request, subscription message id = 27"
""2023-02-18 18:32:53" - |INFO| - [mqtt_connector.py] - mqtt_connector - _on_connect - 327 - MQTT Broker Connector connected to 127.0.0.1:1883 - successfully."
""2023-02-18 18:32:53" - |INFO| - [mqtt_connector.py] - mqtt_connector - _on_connect - 386 - Connector "MQTT Broker Connector" subscribe to v1/devices/me/telemetry"
""2023-02-18 18:32:53" - |INFO| - [mqtt_connector.py] - mqtt_connector - _on_connect - 386 - Connector "MQTT Broker Connector" subscribe to /sensor/+/data"
""2023-02-18 18:32:53" - |INFO| - [mqtt_connector.py] - mqtt_connector - _on_connect - 386 - Connector "MQTT Broker Connector" subscribe to /sensor/raw_data"
""2023-02-18 18:32:53" - |INFO| - [mqtt_connector.py] - mqtt_connector - _on_connect - 386 - Connector "MQTT Broker Connector" subscribe to /custom/sensors/+"
""2023-02-18 18:32:53" - |INFO| - [mqtt_connector.py] - mqtt_connector - _on_subscribe - 429 - (<paho.mqtt.properties.Properties object at 0xffff783f85b0>,)"
""2023-02-18 18:32:53" - |INFO| - [mqtt_connector.py] - mqtt_connector - _on_subscribe - 436 - "MQTT Broker Connector" subscription success to topic v1/devices/me/telemetry, subscription message id = 28"
""2023-02-18 18:32:53" - |INFO| - [mqtt_connector.py] - mqtt_connector - _on_subscribe - 429 - (<paho.mqtt.properties.Properties object at 0xffff783f85e0>,)"
""2023-02-18 18:32:53" - |INFO| - [mqtt_connector.py] - mqtt_connector - _on_subscribe - 436 - "MQTT Broker Connector" subscription success to topic /sensor/+/data, subscription message id = 29"
""2023-02-18 18:32:53" - |INFO| - [mqtt_connector.py] - mqtt_connector - _on_subscribe - 429 - (<paho.mqtt.properties.Properties object at 0xffff783f85b0>,)"
""2023-02-18 18:32:53" - |INFO| - [mqtt_connector.py] - mqtt_connector - _on_subscribe - 436 - "MQTT Broker Connector" subscription success to topic /sensor/raw_data, subscription message id = 30"
""2023-02-18 18:32:53" - |INFO| - [mqtt_connector.py] - mqtt_connector - _on_subscribe - 429 - (<paho.mqtt.properties.Properties object at 0xffff783f85e0>,)"
""2023-02-18 18:32:53" - |INFO| - [mqtt_connector.py] - mqtt_connector - _on_subscribe - 436 - "MQTT Broker Connector" subscription success to topic /custom/sensors/+, subscription message id = 31"
""2023-02-18 18:32:53" - |INFO| - [mqtt_connector.py] - mqtt_connector - _on_subscribe - 429 - (<paho.mqtt.properties.Properties object at 0xffff783f85b0>,)"
""2023-02-18 18:32:53" - |INFO| - [mqtt_connector.py] - mqtt_connector - _on_subscribe - 436 - "MQTT Broker Connector" subscription success to topic sensor/connect, subscription message id = 32"
""2023-02-18 18:32:53" - |INFO| - [mqtt_connector.py] - mqtt_connector - _on_subscribe - 429 - (<paho.mqtt.properties.Properties object at 0xffff783f85e0>,)"
""2023-02-18 18:32:53" - |INFO| - [mqtt_connector.py] - mqtt_connector - _on_subscribe - 436 - "MQTT Broker Connector" subscription success to topic sensor/+/connect, subscription message id = 33"
""2023-02-18 18:32:53" - |INFO| - [mqtt_connector.py] - mqtt_connector - _on_subscribe - 429 - (<paho.mqtt.properties.Properties object at 0xffff783f85b0>,)"
""2023-02-18 18:32:53" - |INFO| - [mqtt_connector.py] - mqtt_connector - _on_subscribe - 436 - "MQTT Broker Connector" subscription success to topic sensor/disconnect, subscription message id = 34"
""2023-02-18 18:32:53" - |INFO| - [mqtt_connector.py] - mqtt_connector - _on_subscribe - 429 - (<paho.mqtt.properties.Properties object at 0xffff783f85e0>,)"
""2023-02-18 18:32:53" - |INFO| - [mqtt_connector.py] - mqtt_connector - _on_subscribe - 436 - "MQTT Broker Connector" subscription success to topic sensor/+/disconnect, subscription message id = 35"
""2023-02-18 18:32:53" - |INFO| - [mqtt_connector.py] - mqtt_connector - _on_subscribe - 429 - (<paho.mqtt.properties.Properties object at 0xffff783f85b0>,)"
""2023-02-18 18:32:53" - |INFO| - [mqtt_connector.py] - mqtt_connector - _on_subscribe - 436 - "MQTT Broker Connector" subscription success to topic v1/devices/me/attributes/request, subscription message id = 36"
""2023-02-18 18:32:55" - |INFO| - [mqtt_connector.py] - mqtt_connector - _on_connect - 327 - MQTT Broker Connector connected to 127.0.0.1:1883 - successfully."
""2023-02-18 18:32:55" - |INFO| - [mqtt_connector.py] - mqtt_connector - _on_connect - 386 - Connector "MQTT Broker Connector" subscribe to v1/devices/me/telemetry"
""2023-02-18 18:32:55" - |INFO| - [mqtt_connector.py] - mqtt_connector - _on_connect - 386 - Connector "MQTT Broker Connector" subscribe to /sensor/+/data"
""2023-02-18 18:32:55" - |INFO| - [mqtt_connector.py] - mqtt_connector - _on_connect - 386 - Connector "MQTT Broker Connector" subscribe to /sensor/raw_data"
""2023-02-18 18:32:55" - |INFO| - [mqtt_connector.py] - mqtt_connector - _on_connect - 386 - Connector "MQTT Broker Connector" subscribe to /custom/sensors/+"
""2023-02-18 18:32:55" - |INFO| - [mqtt_connector.py] - mqtt_connector - _on_subscribe - 429 - (<paho.mqtt.properties.Properties object at 0xffff783f8580>,)"
""2023-02-18 18:32:55" - |INFO| - [mqtt_connector.py] - mqtt_connector - _on_subscribe - 436 - "MQTT Broker Connector" subscription success to topic v1/devices/me/telemetry, subscription message id = 37"
""2023-02-18 18:32:55" - |INFO| - [mqtt_connector.py] - mqtt_connector - _on_subscribe - 429 - (<paho.mqtt.properties.Properties object at 0xffff783f85e0>,)"
""2023-02-18 18:32:55" - |INFO| - [mqtt_connector.py] - mqtt_connector - _on_subscribe - 436 - "MQTT Broker Connector" subscription success to topic /sensor/+/data, subscription message id = 38"
""2023-02-18 18:32:55" - |INFO| - [mqtt_connector.py] - mqtt_connector - _on_subscribe - 429 - (<paho.mqtt.properties.Properties object at 0xffff783f8580>,)"
""2023-02-18 18:32:55" - |INFO| - [mqtt_connector.py] - mqtt_connector - _on_subscribe - 436 - "MQTT Broker Connector" subscription success to topic /sensor/raw_data, subscription message id = 39"
""2023-02-18 18:32:55" - |INFO| - [mqtt_connector.py] - mqtt_connector - _on_subscribe - 429 - (<paho.mqtt.properties.Properties object at 0xffff783f85e0>,)"
""2023-02-18 18:32:55" - |INFO| - [mqtt_connector.py] - mqtt_connector - _on_subscribe - 436 - "MQTT Broker Connector" subscription success to topic /custom/sensors/+, subscription message id = 40"
""2023-02-18 18:32:55" - |INFO| - [mqtt_connector.py] - mqtt_connector - _on_subscribe - 429 - (<paho.mqtt.properties.Properties object at 0xffff783f8580>,)"
""2023-02-18 18:32:55" - |INFO| - [mqtt_connector.py] - mqtt_connector - _on_subscribe - 436 - "MQTT Broker Connector" subscription success to topic sensor/connect, subscription message id = 41"
""2023-02-18 18:32:55" - |INFO| - [mqtt_connector.py] - mqtt_connector - _on_subscribe - 429 - (<paho.mqtt.properties.Properties object at 0xffff783f85e0>,)"
""2023-02-18 18:32:55" - |INFO| - [mqtt_connector.py] - mqtt_connector - _on_subscribe - 436 - "MQTT Broker Connector" subscription success to topic sensor/+/connect, subscription message id = 42"
""2023-02-18 18:32:55" - |INFO| - [mqtt_connector.py] - mqtt_connector - _on_subscribe - 429 - (<paho.mqtt.properties.Properties object at 0xffff783f8580>,)"
""2023-02-18 18:32:55" - |INFO| - [mqtt_connector.py] - mqtt_connector - _on_subscribe - 436 - "MQTT Broker Connector" subscription success to topic sensor/disconnect, subscription message id = 43"
""2023-02-18 18:32:55" - |INFO| - [mqtt_connector.py] - mqtt_connector - _on_subscribe - 429 - (<paho.mqtt.properties.Properties object at 0xffff783f85e0>,)"
""2023-02-18 18:32:55" - |INFO| - [mqtt_connector.py] - mqtt_connector - _on_subscribe - 436 - "MQTT Broker Connector" subscription success to topic sensor/+/disconnect, subscription message id = 44"
""2023-02-18 18:32:55" - |INFO| - [mqtt_connector.py] - mqtt_connector - _on_subscribe - 429 - (<paho.mqtt.properties.Properties object at 0xffff783f8580>,)"
""2023-02-18 18:32:55" - |INFO| - [mqtt_connector.py] - mqtt_connector - _on_subscribe - 436 - "MQTT Broker Connector" subscription success to topic v1/devices/me/attributes/request, subscription message id = 45"
""2023-02-18 18:32:57" - |INFO| - [mqtt_connector.py] - mqtt_connector - _on_connect - 327 - MQTT Broker Connector connected to 127.0.0.1:1883 - successfully."
""2023-02-18 18:32:57" - |INFO| - [mqtt_connector.py] - mqtt_connector - _on_connect - 386 - Connector "MQTT Broker Connector" subscribe to v1/devices/me/telemetry"
""2023-02-18 18:32:57" - |INFO| - [mqtt_connector.py] - mqtt_connector - _on_connect - 386 - Connector "MQTT Broker Connector" subscribe to /sensor/+/data"
""2023-02-18 18:32:57" - |INFO| - [mqtt_connector.py] - mqtt_connector - _on_connect - 386 - Connector "MQTT Broker Connector" subscribe to /sensor/raw_data"
""2023-02-18 18:32:57" - |INFO| - [mqtt_connector.py] - mqtt_connector - _on_connect - 386 - Connector "MQTT Broker Connector" subscribe to /custom/sensors/+"
""2023-02-18 18:32:57" - |INFO| - [mqtt_connector.py] - mqtt_connector - _on_subscribe - 429 - (<paho.mqtt.properties.Properties object at 0xffff783f85e0>,)"
""2023-02-18 18:32:57" - |INFO| - [mqtt_connector.py] - mqtt_connector - _on_subscribe - 436 - "MQTT Broker Connector" subscription success to topic v1/devices/me/telemetry, subscription message id = 46"
""2023-02-18 18:32:57" - |INFO| - [mqtt_connector.py] - mqtt_connector - _on_subscribe - 429 - (<paho.mqtt.properties.Properties object at 0xffff783f8610>,)"
""2023-02-18 18:32:57" - |INFO| - [mqtt_connector.py] - mqtt_connector - _on_subscribe - 436 - "MQTT Broker Connector" subscription success to topic /sensor/+/data, subscription message id = 47"
""2023-02-18 18:32:57" - |INFO| - [mqtt_connector.py] - mqtt_connector - _on_subscribe - 429 - (<paho.mqtt.properties.Properties object at 0xffff783f85e0>,)"
""2023-02-18 18:32:57" - |INFO| - [mqtt_connector.py] - mqtt_connector - _on_subscribe - 436 - "MQTT Broker Connector" subscription success to topic /sensor/raw_data, subscription message id = 48"
""2023-02-18 18:32:57" - |INFO| - [mqtt_connector.py] - mqtt_connector - _on_subscribe - 429 - (<paho.mqtt.properties.Properties object at 0xffff783f8610>,)"
""2023-02-18 18:32:57" - |INFO| - [mqtt_connector.py] - mqtt_connector - _on_subscribe - 436 - "MQTT Broker Connector" subscription success to topic /custom/sensors/+, subscription message id = 49"
""2023-02-18 18:32:57" - |INFO| - [mqtt_connector.py] - mqtt_connector - _on_subscribe - 429 - (<paho.mqtt.properties.Properties object at 0xffff783f85e0>,)"
""2023-02-18 18:32:57" - |INFO| - [mqtt_connector.py] - mqtt_connector - _on_subscribe - 436 - "MQTT Broker Connector" subscription success to topic sensor/connect, subscription message id = 50"
""2023-02-18 18:32:57" - |INFO| - [mqtt_connector.py] - mqtt_connector - _on_subscribe - 429 - (<paho.mqtt.properties.Properties object at 0xffff783f8610>,)"
""2023-02-18 18:32:57" - |INFO| - [mqtt_connector.py] - mqtt_connector - _on_subscribe - 436 - "MQTT Broker Connector" subscription success to topic sensor/+/connect, subscription message id = 51"
""2023-02-18 18:32:57" - |INFO| - [mqtt_connector.py] - mqtt_connector - _on_subscribe - 429 - (<paho.mqtt.properties.Properties object at 0xffff783f85e0>,)"
""2023-02-18 18:32:57" - |INFO| - [mqtt_connector.py] - mqtt_connector - _on_subscribe - 436 - "MQTT Broker Connector" subscription success to topic sensor/disconnect, subscription message id = 52"
""2023-02-18 18:32:57" - |INFO| - [mqtt_connector.py] - mqtt_connector - _on_subscribe - 429 - (<paho.mqtt.properties.Properties object at 0xffff783f8610>,)"
""2023-02-18 18:32:57" - |INFO| - [mqtt_connector.py] - mqtt_connector - _on_subscribe - 436 - "MQTT Broker Connector" subscription success to topic sensor/+/disconnect, subscription message id = 53"
""2023-02-18 18:32:57" - |INFO| - [mqtt_connector.py] - mqtt_connector - _on_subscribe - 429 - (<paho.mqtt.properties.Properties object at 0xffff783f85e0>,)"
""2023-02-18 18:32:57" - |INFO| - [mqtt_connector.py] - mqtt_connector - _on_subscribe - 436 - "MQTT Broker Connector" subscription success to topic v1/devices/me/attributes/request, subscription message id = 54"
""2023-02-18 18:32:59" - |INFO| - [mqtt_connector.py] - mqtt_connector - _on_connect - 327 - MQTT Broker Connector connected to 127.0.0.1:1883 - successfully."
""2023-02-18 18:32:59" - |INFO| - [mqtt_connector.py] - mqtt_connector - _on_connect - 386 - Connector "MQTT Broker Connector" subscribe to v1/devices/me/telemetry"
""2023-02-18 18:32:59" - |INFO| - [mqtt_connector.py] - mqtt_connector - _on_connect - 386 - Connector "MQTT Broker Connector" subscribe to /sensor/+/data"
""2023-02-18 18:32:59" - |INFO| - [mqtt_connector.py] - mqtt_connector - _on_connect - 386 - Connector "MQTT Broker Connector" subscribe to /sensor/raw_data"
""2023-02-18 18:32:59" - |INFO| - [mqtt_connector.py] - mqtt_connector - _on_connect - 386 - Connector "MQTT Broker Connector" subscribe to /custom/sensors/+"
""2023-02-18 18:32:59" - |INFO| - [mqtt_connector.py] - mqtt_connector - _on_subscribe - 429 - (<paho.mqtt.properties.Properties object at 0xffff783f85e0>,)"
""2023-02-18 18:32:59" - |INFO| - [mqtt_connector.py] - mqtt_connector - _on_subscribe - 436 - "MQTT Broker Connector" subscription success to topic v1/devices/me/telemetry, subscription message id = 55"
""2023-02-18 18:32:59" - |INFO| - [mqtt_connector.py] - mqtt_connector - _on_subscribe - 429 - (<paho.mqtt.properties.Properties object at 0xffff783f8580>,)"
""2023-02-18 18:32:59" - |INFO| - [mqtt_connector.py] - mqtt_connector - _on_subscribe - 436 - "MQTT Broker Connector" subscription success to topic /sensor/+/data, subscription message id = 56"
""2023-02-18 18:32:59" - |INFO| - [mqtt_connector.py] - mqtt_connector - _on_subscribe - 429 - (<paho.mqtt.properties.Properties object at 0xffff783f85e0>,)"
""2023-02-18 18:32:59" - |INFO| - [mqtt_connector.py] - mqtt_connector - _on_subscribe - 436 - "MQTT Broker Connector" subscription success to topic /sensor/raw_data, subscription message id = 57"
""2023-02-18 18:32:59" - |INFO| - [mqtt_connector.py] - mqtt_connector - _on_subscribe - 429 - (<paho.mqtt.properties.Properties object at 0xffff783f8580>,)"
""2023-02-18 18:32:59" - |INFO| - [mqtt_connector.py] - mqtt_connector - _on_subscribe - 436 - "MQTT Broker Connector" subscription success to topic /custom/sensors/+, subscription message id = 58"
""2023-02-18 18:32:59" - |INFO| - [mqtt_connector.py] - mqtt_connector - _on_subscribe - 429 - (<paho.mqtt.properties.Properties object at 0xffff783f85e0>,)"
""2023-02-18 18:32:59" - |INFO| - [mqtt_connector.py] - mqtt_connector - _on_subscribe - 436 - "MQTT Broker Connector" subscription success to topic sensor/connect, subscription message id = 59"
""2023-02-18 18:32:59" - |INFO| - [mqtt_connector.py] - mqtt_connector - _on_subscribe - 429 - (<paho.mqtt.properties.Properties object at 0xffff783f8580>,)"
""2023-02-18 18:32:59" - |INFO| - [mqtt_connector.py] - mqtt_connector - _on_subscribe - 436 - "MQTT Broker Connector" subscription success to topic sensor/+/connect, subscription message id = 60"
""2023-02-18 18:32:59" - |INFO| - [mqtt_connector.py] - mqtt_connector - _on_subscribe - 429 - (<paho.mqtt.properties.Properties object at 0xffff783f85e0>,)"
""2023-02-18 18:32:59" - |INFO| - [mqtt_connector.py] - mqtt_connector - _on_subscribe - 436 - "MQTT Broker Connector" subscription success to topic sensor/disconnect, subscription message id = 61"
""2023-02-18 18:32:59" - |INFO| - [mqtt_connector.py] - mqtt_connector - _on_subscribe - 429 - (<paho.mqtt.properties.Properties object at 0xffff783f8580>,)"
""2023-02-18 18:32:59" - |INFO| - [mqtt_connector.py] - mqtt_connector - _on_subscribe - 436 - "MQTT Broker Connector" subscription success to topic sensor/+/disconnect, subscription message id = 62"
""2023-02-18 18:32:59" - |INFO| - [mqtt_connector.py] - mqtt_connector - _on_subscribe - 429 - (<paho.mqtt.properties.Properties object at 0xffff783f85e0>,)"
""2023-02-18 18:32:59" - |INFO| - [mqtt_connector.py] - mqtt_connector - _on_subscribe - 436 - "MQTT Broker Connector" subscription success to topic v1/devices/me/attributes/request, subscription message id = 63"
""2023-02-18 18:33:01" - |INFO| - [mqtt_connector.py] - mqtt_connector - _on_connect - 327 - MQTT Broker Connector connected to 127.0.0.1:1883 - successfully."
""2023-02-18 18:33:01" - |INFO| - [mqtt_connector.py] - mqtt_connector - _on_connect - 386 - Connector "MQTT Broker Connector" subscribe to v1/devices/me/telemetry"
""2023-02-18 18:33:01" - |INFO| - [mqtt_connector.py] - mqtt_connector - _on_connect - 386 - Connector "MQTT Broker Connector" subscribe to /sensor/+/data"
""2023-02-18 18:33:01" - |INFO| - [mqtt_connector.py] - mqtt_connector - _on_connect - 386 - Connector "MQTT Broker Connector" subscribe to /sensor/raw_data"
""2023-02-18 18:33:01" - |INFO| - [mqtt_connector.py] - mqtt_connector - _on_connect - 386 - Connector "MQTT Broker Connector" subscribe to /custom/sensors/+"
""2023-02-18 18:33:01" - |INFO| - [mqtt_connector.py] - mqtt_connector - _on_subscribe - 429 - (<paho.mqtt.properties.Properties object at 0xffff783f8580>,)"
""2023-02-18 18:33:01" - |INFO| - [mqtt_connector.py] - mqtt_connector - _on_subscribe - 436 - "MQTT Broker Connector" subscription success to topic v1/devices/me/telemetry, subscription message id = 64"
""2023-02-18 18:33:01" - |INFO| - [mqtt_connector.py] - mqtt_connector - _on_subscribe - 429 - (<paho.mqtt.properties.Properties object at 0xffff783f8610>,)"
""2023-02-18 18:33:01" - |INFO| - [mqtt_connector.py] - mqtt_connector - _on_subscribe - 436 - "MQTT Broker Connector" subscription success to topic /sensor/+/data, subscription message id = 65"
""2023-02-18 18:33:01" - |INFO| - [mqtt_connector.py] - mqtt_connector - _on_subscribe - 429 - (<paho.mqtt.properties.Properties object at 0xffff783f8580>,)"
""2023-02-18 18:33:01" - |INFO| - [mqtt_connector.py] - mqtt_connector - _on_subscribe - 436 - "MQTT Broker Connector" subscription success to topic /sensor/raw_data, subscription message id = 66"
""2023-02-18 18:33:01" - |INFO| - [mqtt_connector.py] - mqtt_connector - _on_subscribe - 429 - (<paho.mqtt.properties.Properties object at 0xffff783f8610>,)"
""2023-02-18 18:33:01" - |INFO| - [mqtt_connector.py] - mqtt_connector - _on_subscribe - 436 - "MQTT Broker Connector" subscription success to topic /custom/sensors/+, subscription message id = 67"
""2023-02-18 18:33:01" - |INFO| - [mqtt_connector.py] - mqtt_connector - _on_subscribe - 429 - (<paho.mqtt.properties.Properties object at 0xffff783f8580>,)"
""2023-02-18 18:33:01" - |INFO| - [mqtt_connector.py] - mqtt_connector - _on_subscribe - 436 - "MQTT Broker Connector" subscription success to topic sensor/connect, subscription message id = 68"
""2023-02-18 18:33:01" - |INFO| - [mqtt_connector.py] - mqtt_connector - _on_subscribe - 429 - (<paho.mqtt.properties.Properties object at 0xffff783f8610>,)"
""2023-02-18 18:33:01" - |INFO| - [mqtt_connector.py] - mqtt_connector - _on_subscribe - 436 - "MQTT Broker Connector" subscription success to topic sensor/+/connect, subscription message id = 69"
""2023-02-18 18:33:01" - |INFO| - [mqtt_connector.py] - mqtt_connector - _on_subscribe - 429 - (<paho.mqtt.properties.Properties object at 0xffff783f8580>,)"
""2023-02-18 18:33:01" - |INFO| - [mqtt_connector.py] - mqtt_connector - _on_subscribe - 436 - "MQTT Broker Connector" subscription success to topic sensor/disconnect, subscription message id = 70"
""2023-02-18 18:33:01" - |INFO| - [mqtt_connector.py] - mqtt_connector - _on_subscribe - 429 - (<paho.mqtt.properties.Properties object at 0xffff783f8610>,)"
""2023-02-18 18:33:01" - |INFO| - [mqtt_connector.py] - mqtt_connector - _on_subscribe - 436 - "MQTT Broker Connector" subscription success to topic sensor/+/disconnect, subscription message id = 71"
""2023-02-18 18:33:01" - |INFO| - [mqtt_connector.py] - mqtt_connector - _on_subscribe - 429 - (<paho.mqtt.properties.Properties object at 0xffff783f8580>,)"
""2023-02-18 18:33:01" - |INFO| - [mqtt_connector.py] - mqtt_connector - _on_subscribe - 436 - "MQTT Broker Connector" subscription success to topic v1/devices/me/attributes/request, subscription message id = 72"
""2023-02-18 18:33:01" - |INFO| - [mqtt_connector.py] - mqtt_connector - _process_on_message - 559 - Connecting device Group-Led-1 of type default"
""2023-02-18 18:33:01" - |INFO| - [mqtt_connector.py] - mqtt_connector - _process_on_message - 559 - Connecting device Group-Led-2 of type default"
""2023-02-18 18:33:03" - |INFO| - [mqtt_connector.py] - mqtt_connector - _on_connect - 327 - MQTT Broker Connector connected to 127.0.0.1:1883 - successfully."
""2023-02-18 18:33:03" - |INFO| - [mqtt_connector.py] - mqtt_connector - _on_connect - 386 - Connector "MQTT Broker Connector" subscribe to v1/devices/me/telemetry"
""2023-02-18 18:33:03" - |INFO| - [mqtt_connector.py] - mqtt_connector - _on_connect - 386 - Connector "MQTT Broker Connector" subscribe to /sensor/+/data"
""2023-02-18 18:33:03" - |INFO| - [mqtt_connector.py] - mqtt_connector - _on_connect - 386 - Connector "MQTT Broker Connector" subscribe to /sensor/raw_data"
""2023-02-18 18:33:03" - |INFO| - [mqtt_connector.py] - mqtt_connector - _on_connect - 386 - Connector "MQTT Broker Connector" subscribe to /custom/sensors/+"
""2023-02-18 18:33:03" - |INFO| - [mqtt_connector.py] - mqtt_connector - _on_subscribe - 429 - (<paho.mqtt.properties.Properties object at 0xffff78541970>,)"
""2023-02-18 18:33:03" - |INFO| - [mqtt_connector.py] - mqtt_connector - _on_subscribe - 436 - "MQTT Broker Connector" subscription success to topic v1/devices/me/telemetry, subscription message id = 73"
""2023-02-18 18:33:03" - |INFO| - [mqtt_connector.py] - mqtt_connector - _on_subscribe - 429 - (<paho.mqtt.properties.Properties object at 0xffff7847a7f0>,)"
""2023-02-18 18:33:03" - |INFO| - [mqtt_connector.py] - mqtt_connector - _on_subscribe - 436 - "MQTT Broker Connector" subscription success to topic /sensor/+/data, subscription message id = 74"
""2023-02-18 18:33:03" - |INFO| - [mqtt_connector.py] - mqtt_connector - _on_subscribe - 429 - (<paho.mqtt.properties.Properties object at 0xffff883f26d0>,)"
""2023-02-18 18:33:03" - |INFO| - [mqtt_connector.py] - mqtt_connector - _on_subscribe - 436 - "MQTT Broker Connector" subscription success to topic /sensor/raw_data, subscription message id = 75"
""2023-02-18 18:33:03" - |INFO| - [mqtt_connector.py] - mqtt_connector - _on_subscribe - 429 - (<paho.mqtt.properties.Properties object at 0xffff784cdb80>,)"
""2023-02-18 18:33:03" - |INFO| - [mqtt_connector.py] - mqtt_connector - _on_subscribe - 436 - "MQTT Broker Connector" subscription success to topic /custom/sensors/+, subscription message id = 76"
""2023-02-18 18:33:03" - |INFO| - [mqtt_connector.py] - mqtt_connector - _on_subscribe - 429 - (<paho.mqtt.properties.Properties object at 0xffff783f8520>,)"
""2023-02-18 18:33:03" - |INFO| - [mqtt_connector.py] - mqtt_connector - _on_subscribe - 436 - "MQTT Broker Connector" subscription success to topic sensor/connect, subscription message id = 77"
""2023-02-18 18:33:03" - |INFO| - [mqtt_connector.py] - mqtt_connector - _on_subscribe - 429 - (<paho.mqtt.properties.Properties object at 0xffff7847a7f0>,)"
""2023-02-18 18:33:03" - |INFO| - [mqtt_connector.py] - mqtt_connector - _on_subscribe - 436 - "MQTT Broker Connector" subscription success to topic sensor/+/connect, subscription message id = 78"
""2023-02-18 18:33:03" - |INFO| - [mqtt_connector.py] - mqtt_connector - _on_subscribe - 429 - (<paho.mqtt.properties.Properties object at 0xffff883f26d0>,)"
""2023-02-18 18:33:03" - |INFO| - [mqtt_connector.py] - mqtt_connector - _on_subscribe - 436 - "MQTT Broker Connector" subscription success to topic sensor/disconnect, subscription message id = 79"
""2023-02-18 18:33:03" - |INFO| - [mqtt_connector.py] - mqtt_connector - _on_subscribe - 429 - (<paho.mqtt.properties.Properties object at 0xffff784cdb80>,)"
""2023-02-18 18:33:03" - |INFO| - [mqtt_connector.py] - mqtt_connector - _on_subscribe - 436 - "MQTT Broker Connector" subscription success to topic sensor/+/disconnect, subscription message id = 80"
""2023-02-18 18:33:03" - |INFO| - [mqtt_connector.py] - mqtt_connector - _on_subscribe - 429 - (<paho.mqtt.properties.Properties object at 0xffff783f8520>,)"
""2023-02-18 18:33:03" - |INFO| - [mqtt_connector.py] - mqtt_connector - _on_subscribe - 436 - "MQTT Broker Connector" subscription success to topic v1/devices/me/attributes/request, subscription message id = 81"
""2023-02-18 18:33:05" - |INFO| - [mqtt_connector.py] - mqtt_connector - _on_connect - 327 - MQTT Broker Connector connected to 127.0.0.1:1883 - successfully."
""2023-02-18 18:33:05" - |INFO| - [mqtt_connector.py] - mqtt_connector - _on_connect - 386 - Connector "MQTT Broker Connector" subscribe to v1/devices/me/telemetry"
""2023-02-18 18:33:05" - |INFO| - [mqtt_connector.py] - mqtt_connector - _on_connect - 386 - Connector "MQTT Broker Connector" subscribe to /sensor/+/data"
""2023-02-18 18:33:05" - |INFO| - [mqtt_connector.py] - mqtt_connector - _on_connect - 386 - Connector "MQTT Broker Connector" subscribe to /sensor/raw_data"
""2023-02-18 18:33:05" - |INFO| - [mqtt_connector.py] - mqtt_connector - _on_connect - 386 - Connector "MQTT Broker Connector" subscribe to /custom/sensors/+"
""2023-02-18 18:33:05" - |INFO| - [mqtt_connector.py] - mqtt_connector - _on_subscribe - 429 - (<paho.mqtt.properties.Properties object at 0xffff78541970>,)"
""2023-02-18 18:33:05" - |INFO| - [mqtt_connector.py] - mqtt_connector - _on_subscribe - 436 - "MQTT Broker Connector" subscription success to topic v1/devices/me/telemetry, subscription message id = 82"
""2023-02-18 18:33:05" - |INFO| - [mqtt_connector.py] - mqtt_connector - _on_subscribe - 429 - (<paho.mqtt.properties.Properties object at 0xffff784cdb80>,)"
""2023-02-18 18:33:05" - |INFO| - [mqtt_connector.py] - mqtt_connector - _on_subscribe - 436 - "MQTT Broker Connector" subscription success to topic /sensor/+/data, subscription message id = 83"
""2023-02-18 18:33:05" - |INFO| - [mqtt_connector.py] - mqtt_connector - _on_subscribe - 429 - (<paho.mqtt.properties.Properties object at 0xffff78541970>,)"
""2023-02-18 18:33:05" - |INFO| - [mqtt_connector.py] - mqtt_connector - _on_subscribe - 436 - "MQTT Broker Connector" subscription success to topic /sensor/raw_data, subscription message id = 84"
""2023-02-18 18:33:05" - |INFO| - [mqtt_connector.py] - mqtt_connector - _on_subscribe - 429 - (<paho.mqtt.properties.Properties object at 0xffff7842cc10>,)"
""2023-02-18 18:33:05" - |INFO| - [mqtt_connector.py] - mqtt_connector - _on_subscribe - 436 - "MQTT Broker Connector" subscription success to topic /custom/sensors/+, subscription message id = 85"
""2023-02-18 18:33:05" - |INFO| - [mqtt_connector.py] - mqtt_connector - _on_subscribe - 429 - (<paho.mqtt.properties.Properties object at 0xffff783f8520>,)"
""2023-02-18 18:33:05" - |INFO| - [mqtt_connector.py] - mqtt_connector - _on_subscribe - 436 - "MQTT Broker Connector" subscription success to topic sensor/connect, subscription message id = 86"
""2023-02-18 18:33:05" - |INFO| - [mqtt_connector.py] - mqtt_connector - _on_subscribe - 429 - (<paho.mqtt.properties.Properties object at 0xffff78541970>,)"
""2023-02-18 18:33:05" - |INFO| - [mqtt_connector.py] - mqtt_connector - _on_subscribe - 436 - "MQTT Broker Connector" subscription success to topic sensor/+/connect, subscription message id = 87"
""2023-02-18 18:33:05" - |INFO| - [mqtt_connector.py] - mqtt_connector - _on_subscribe - 429 - (<paho.mqtt.properties.Properties object at 0xffff7847a7f0>,)"
""2023-02-18 18:33:05" - |INFO| - [mqtt_connector.py] - mqtt_connector - _on_subscribe - 436 - "MQTT Broker Connector" subscription success to topic sensor/disconnect, subscription message id = 88"
""2023-02-18 18:33:05" - |INFO| - [mqtt_connector.py] - mqtt_connector - _on_subscribe - 429 - (<paho.mqtt.properties.Properties object at 0xffff785413a0>,)"
""2023-02-18 18:33:05" - |INFO| - [mqtt_connector.py] - mqtt_connector - _on_subscribe - 436 - "MQTT Broker Connector" subscription success to topic sensor/+/disconnect, subscription message id = 89"
""2023-02-18 18:33:05" - |INFO| - [mqtt_connector.py] - mqtt_connector - _on_subscribe - 429 - (<paho.mqtt.properties.Properties object at 0xffff784cdb80>,)"
""2023-02-18 18:33:05" - |INFO| - [mqtt_connector.py] - mqtt_connector - _on_subscribe - 436 - "MQTT Broker Connector" subscription success to topic v1/devices/me/attributes/request, subscription message id = 90"
""2023-02-18 18:33:07" - |INFO| - [mqtt_connector.py] - mqtt_connector - _on_connect - 327 - MQTT Broker Connector connected to 127.0.0.1:1883 - successfully."
""2023-02-18 18:33:07" - |INFO| - [mqtt_connector.py] - mqtt_connector - _on_connect - 386 - Connector "MQTT Broker Connector" subscribe to v1/devices/me/telemetry"
""2023-02-18 18:33:07" - |INFO| - [mqtt_connector.py] - mqtt_connector - _on_connect - 386 - Connector "MQTT Broker Connector" subscribe to /sensor/+/data"
""2023-02-18 18:33:07" - |INFO| - [mqtt_connector.py] - mqtt_connector - _on_connect - 386 - Connector "MQTT Broker Connector" subscribe to /sensor/raw_data"
""2023-02-18 18:33:07" - |INFO| - [mqtt_connector.py] - mqtt_connector - _on_connect - 386 - Connector "MQTT Broker Connector" subscribe to /custom/sensors/+"
""2023-02-18 18:33:07" - |INFO| - [mqtt_connector.py] - mqtt_connector - _on_subscribe - 429 - (<paho.mqtt.properties.Properties object at 0xffff7842cc10>,)"
""2023-02-18 18:33:07" - |INFO| - [mqtt_connector.py] - mqtt_connector - _on_subscribe - 436 - "MQTT Broker Connector" subscription success to topic v1/devices/me/telemetry, subscription message id = 91"
""2023-02-18 18:33:07" - |INFO| - [mqtt_connector.py] - mqtt_connector - _on_subscribe - 429 - (<paho.mqtt.properties.Properties object at 0xffff783f8520>,)"
""2023-02-18 18:33:07" - |INFO| - [mqtt_connector.py] - mqtt_connector - _on_subscribe - 436 - "MQTT Broker Connector" subscription success to topic /sensor/+/data, subscription message id = 92"
""2023-02-18 18:33:07" - |INFO| - [mqtt_connector.py] - mqtt_connector - _on_subscribe - 429 - (<paho.mqtt.properties.Properties object at 0xffff78566dc0>,)"
""2023-02-18 18:33:07" - |INFO| - [mqtt_connector.py] - mqtt_connector - _on_subscribe - 436 - "MQTT Broker Connector" subscription success to topic /sensor/raw_data, subscription message id = 93"
""2023-02-18 18:33:07" - |INFO| - [mqtt_connector.py] - mqtt_connector - _on_subscribe - 429 - (<paho.mqtt.properties.Properties object at 0xffff8ae97160>,)"
""2023-02-18 18:33:07" - |INFO| - [mqtt_connector.py] - mqtt_connector - _on_subscribe - 436 - "MQTT Broker Connector" subscription success to topic /custom/sensors/+, subscription message id = 94"
""2023-02-18 18:33:07" - |INFO| - [mqtt_connector.py] - mqtt_connector - _on_subscribe - 429 - (<paho.mqtt.properties.Properties object at 0xffff883f26d0>,)"
""2023-02-18 18:33:07" - |INFO| - [mqtt_connector.py] - mqtt_connector - _on_subscribe - 436 - "MQTT Broker Connector" subscription success to topic sensor/connect, subscription message id = 95"
""2023-02-18 18:33:07" - |INFO| - [mqtt_connector.py] - mqtt_connector - _on_subscribe - 429 - (<paho.mqtt.properties.Properties object at 0xffff783f8520>,)"
""2023-02-18 18:33:07" - |INFO| - [mqtt_connector.py] - mqtt_connector - _on_subscribe - 436 - "MQTT Broker Connector" subscription success to topic sensor/+/connect, subscription message id = 96"
""2023-02-18 18:33:07" - |INFO| - [mqtt_connector.py] - mqtt_connector - _on_subscribe - 429 - (<paho.mqtt.properties.Properties object at 0xffff78566dc0>,)"
""2023-02-18 18:33:07" - |INFO| - [mqtt_connector.py] - mqtt_connector - _on_subscribe - 436 - "MQTT Broker Connector" subscription success to topic sensor/disconnect, subscription message id = 97"
""2023-02-18 18:33:07" - |INFO| - [mqtt_connector.py] - mqtt_connector - _on_subscribe - 429 - (<paho.mqtt.properties.Properties object at 0xffff8ae97160>,)"
""2023-02-18 18:33:07" - |INFO| - [mqtt_connector.py] - mqtt_connector - _on_subscribe - 436 - "MQTT Broker Connector" subscription success to topic sensor/+/disconnect, subscription message id = 98"
""2023-02-18 18:33:07" - |INFO| - [mqtt_connector.py] - mqtt_connector - _on_subscribe - 429 - (<paho.mqtt.properties.Properties object at 0xffff883f26d0>,)"
""2023-02-18 18:33:07" - |INFO| - [mqtt_connector.py] - mqtt_connector - _on_subscribe - 436 - "MQTT Broker Connector" subscription success to topic v1/devices/me/attributes/request, subscription message id = 99"
""2023-02-18 18:33:09" - |INFO| - [mqtt_connector.py] - mqtt_connector - _on_connect - 327 - MQTT Broker Connector connected to 127.0.0.1:1883 - successfully."
""2023-02-18 18:33:09" - |INFO| - [mqtt_connector.py] - mqtt_connector - _on_connect - 386 - Connector "MQTT Broker Connector" subscribe to v1/devices/me/telemetry"
""2023-02-18 18:33:09" - |INFO| - [mqtt_connector.py] - mqtt_connector - _on_connect - 386 - Connector "MQTT Broker Connector" subscribe to /sensor/+/data"
""2023-02-18 18:33:09" - |INFO| - [mqtt_connector.py] - mqtt_connector - _on_connect - 386 - Connector "MQTT Broker Connector" subscribe to /sensor/raw_data"
""2023-02-18 18:33:09" - |INFO| - [mqtt_connector.py] - mqtt_connector - _on_connect - 386 - Connector "MQTT Broker Connector" subscribe to /custom/sensors/+"
""2023-02-18 18:33:09" - |INFO| - [mqtt_connector.py] - mqtt_connector - _on_subscribe - 429 - (<paho.mqtt.properties.Properties object at 0xffff7842cc10>,)"
""2023-02-18 18:33:09" - |INFO| - [mqtt_connector.py] - mqtt_connector - _on_subscribe - 436 - "MQTT Broker Connector" subscription success to topic v1/devices/me/telemetry, subscription message id = 100"
""2023-02-18 18:33:09" - |INFO| - [mqtt_connector.py] - mqtt_connector - _on_subscribe - 429 - (<paho.mqtt.properties.Properties object at 0xffff7847a7f0>,)"
""2023-02-18 18:33:09" - |INFO| - [mqtt_connector.py] - mqtt_connector - _on_subscribe - 436 - "MQTT Broker Connector" subscription success to topic /sensor/+/data, subscription message id = 101"
""2023-02-18 18:33:09" - |INFO| - [mqtt_connector.py] - mqtt_connector - _on_subscribe - 429 - (<paho.mqtt.properties.Properties object at 0xffff8ae97160>,)"
""2023-02-18 18:33:09" - |INFO| - [mqtt_connector.py] - mqtt_connector - _on_subscribe - 436 - "MQTT Broker Connector" subscription success to topic /sensor/raw_data, subscription message id = 102"
""2023-02-18 18:33:09" - |INFO| - [mqtt_connector.py] - mqtt_connector - _on_subscribe - 429 - (<paho.mqtt.properties.Properties object at 0xffff883f26d0>,)"
""2023-02-18 18:33:09" - |INFO| - [mqtt_connector.py] - mqtt_connector - _on_subscribe - 436 - "MQTT Broker Connector" subscription success to topic /custom/sensors/+, subscription message id = 103"
""2023-02-18 18:33:09" - |INFO| - [mqtt_connector.py] - mqtt_connector - _on_subscribe - 429 - (<paho.mqtt.properties.Properties object at 0xffff783f8520>,)"
""2023-02-18 18:33:09" - |INFO| - [mqtt_connector.py] - mqtt_connector - _on_subscribe - 436 - "MQTT Broker Connector" subscription success to topic sensor/connect, subscription message id = 104"
""2023-02-18 18:33:09" - |INFO| - [mqtt_connector.py] - mqtt_connector - _on_subscribe - 429 - (<paho.mqtt.properties.Properties object at 0xffff7847a7f0>,)"
""2023-02-18 18:33:09" - |INFO| - [mqtt_connector.py] - mqtt_connector - _on_subscribe - 436 - "MQTT Broker Connector" subscription success to topic sensor/+/connect, subscription message id = 105"
""2023-02-18 18:33:09" - |INFO| - [mqtt_connector.py] - mqtt_connector - _on_subscribe - 429 - (<paho.mqtt.properties.Properties object at 0xffff8ae97160>,)"
""2023-02-18 18:33:09" - |INFO| - [mqtt_connector.py] - mqtt_connector - _on_subscribe - 436 - "MQTT Broker Connector" subscription success to topic sensor/disconnect, subscription message id = 106"
""2023-02-18 18:33:09" - |INFO| - [mqtt_connector.py] - mqtt_connector - _on_subscribe - 429 - (<paho.mqtt.properties.Properties object at 0xffff883f26d0>,)"
""2023-02-18 18:33:09" - |INFO| - [mqtt_connector.py] - mqtt_connector - _on_subscribe - 436 - "MQTT Broker Connector" subscription success to topic sensor/+/disconnect, subscription message id = 107"
""2023-02-18 18:33:09" - |INFO| - [mqtt_connector.py] - mqtt_connector - _on_subscribe - 429 - (<paho.mqtt.properties.Properties object at 0xffff783f8520>,)"
""2023-02-18 18:33:09" - |INFO| - [mqtt_connector.py] - mqtt_connector - _on_subscribe - 436 - "MQTT Broker Connector" subscription success to topic v1/devices/me/attributes/request, subscription message id = 108"
""2023-02-18 18:33:09" - |INFO| - [mqtt_connector.py] - mqtt_connector - _process_on_message - 559 - Connecting device Group-Led-1 of type default"
""2023-02-18 18:33:09" - |INFO| - [mqtt_connector.py] - mqtt_connector - _process_on_message - 559 - Connecting device Group-Led-2 of type default"
""2023-02-18 18:33:11" - |INFO| - [mqtt_connector.py] - mqtt_connector - close - 312 - MQTT Broker Connector has been stopped."
""2023-02-18 18:33:11" - |INFO| - [mqtt_connector.py] - mqtt_connector - close - 312 - MQTT Broker Connector has been stopped."
