""2023-01-10 00:10:35" - |INFO| - [mqtt_connector.py] - mqtt_connector - load_handlers - 257 - Number of accepted mapping handlers: 4"
""2023-01-10 00:10:35" - |INFO| - [mqtt_connector.py] - mqtt_connector - load_handlers - 261 - Number of rejected mapping handlers: 0"
""2023-01-10 00:10:35" - |INFO| - [mqtt_connector.py] - mqtt_connector - load_handlers - 257 - Number of accepted serverSideRpc handlers: 2"
""2023-01-10 00:10:35" - |INFO| - [mqtt_connector.py] - mqtt_connector - load_handlers - 261 - Number of rejected serverSideRpc handlers: 0"
""2023-01-10 00:10:35" - |INFO| - [mqtt_connector.py] - mqtt_connector - load_handlers - 257 - Number of accepted connectRequests handlers: 2"
""2023-01-10 00:10:35" - |INFO| - [mqtt_connector.py] - mqtt_connector - load_handlers - 261 - Number of rejected connectRequests handlers: 0"
""2023-01-10 00:10:35" - |INFO| - [mqtt_connector.py] - mqtt_connector - load_handlers - 257 - Number of accepted disconnectRequests handlers: 2"
""2023-01-10 00:10:35" - |INFO| - [mqtt_connector.py] - mqtt_connector - load_handlers - 261 - Number of rejected disconnectRequests handlers: 0"
""2023-01-10 00:10:35" - |INFO| - [mqtt_connector.py] - mqtt_connector - load_handlers - 257 - Number of accepted attributeRequests handlers: 1"
""2023-01-10 00:10:35" - |INFO| - [mqtt_connector.py] - mqtt_connector - load_handlers - 261 - Number of rejected attributeRequests handlers: 0"
""2023-01-10 00:10:35" - |INFO| - [mqtt_connector.py] - mqtt_connector - load_handlers - 257 - Number of accepted attributeUpdates handlers: 1"
""2023-01-10 00:10:35" - |INFO| - [mqtt_connector.py] - mqtt_connector - load_handlers - 261 - Number of rejected attributeUpdates handlers: 0"
""2023-01-10 00:10:35" - |INFO| - [mqtt_connector.py] - mqtt_connector - _on_connect - 324 - MQTT Broker Connector connected to 127.0.0.1:1884 - successfully."
""2023-01-10 00:10:35" - |INFO| - [mqtt_connector.py] - mqtt_connector - _on_connect - 383 - Connector "MQTT Broker Connector" subscribe to v1/devices/me/telemetry"
""2023-01-10 00:10:35" - |INFO| - [mqtt_connector.py] - mqtt_connector - _on_connect - 383 - Connector "MQTT Broker Connector" subscribe to /sensor/+/data"
""2023-01-10 00:10:35" - |INFO| - [mqtt_connector.py] - mqtt_connector - _on_connect - 383 - Connector "MQTT Broker Connector" subscribe to /sensor/raw_data"
""2023-01-10 00:10:35" - |INFO| - [mqtt_connector.py] - mqtt_connector - _on_connect - 383 - Connector "MQTT Broker Connector" subscribe to /custom/sensors/+"
""2023-01-10 00:10:35" - |INFO| - [mqtt_connector.py] - mqtt_connector - _on_subscribe - 426 - (<paho.mqtt.properties.Properties object at 0x7fa21052e3e0>,)"
""2023-01-10 00:10:35" - |INFO| - [mqtt_connector.py] - mqtt_connector - _on_subscribe - 433 - "MQTT Broker Connector" subscription success to topic v1/devices/me/telemetry, subscription message id = 1"
""2023-01-10 00:10:35" - |INFO| - [mqtt_connector.py] - mqtt_connector - _on_subscribe - 426 - (<paho.mqtt.properties.Properties object at 0x7fa21052dc90>,)"
""2023-01-10 00:10:35" - |INFO| - [mqtt_connector.py] - mqtt_connector - _on_subscribe - 433 - "MQTT Broker Connector" subscription success to topic /sensor/+/data, subscription message id = 2"
""2023-01-10 00:10:35" - |INFO| - [mqtt_connector.py] - mqtt_connector - _on_subscribe - 426 - (<paho.mqtt.properties.Properties object at 0x7fa21052e0e0>,)"
""2023-01-10 00:10:35" - |INFO| - [mqtt_connector.py] - mqtt_connector - _on_subscribe - 433 - "MQTT Broker Connector" subscription success to topic /sensor/raw_data, subscription message id = 3"
""2023-01-10 00:10:35" - |INFO| - [mqtt_connector.py] - mqtt_connector - _on_subscribe - 426 - (<paho.mqtt.properties.Properties object at 0x7fa21052e3e0>,)"
""2023-01-10 00:10:35" - |INFO| - [mqtt_connector.py] - mqtt_connector - _on_subscribe - 433 - "MQTT Broker Connector" subscription success to topic /custom/sensors/+, subscription message id = 4"
""2023-01-10 00:10:35" - |INFO| - [mqtt_connector.py] - mqtt_connector - _on_subscribe - 426 - (<paho.mqtt.properties.Properties object at 0x7fa21052dd20>,)"
""2023-01-10 00:10:35" - |INFO| - [mqtt_connector.py] - mqtt_connector - _on_subscribe - 433 - "MQTT Broker Connector" subscription success to topic sensor/connect, subscription message id = 5"
""2023-01-10 00:10:35" - |INFO| - [mqtt_connector.py] - mqtt_connector - _on_subscribe - 426 - (<paho.mqtt.properties.Properties object at 0x7fa21052e1a0>,)"
""2023-01-10 00:10:35" - |INFO| - [mqtt_connector.py] - mqtt_connector - _on_subscribe - 433 - "MQTT Broker Connector" subscription success to topic sensor/+/connect, subscription message id = 6"
""2023-01-10 00:10:35" - |INFO| - [mqtt_connector.py] - mqtt_connector - _on_subscribe - 426 - (<paho.mqtt.properties.Properties object at 0x7fa21052e230>,)"
""2023-01-10 00:10:35" - |INFO| - [mqtt_connector.py] - mqtt_connector - _on_subscribe - 433 - "MQTT Broker Connector" subscription success to topic sensor/disconnect, subscription message id = 7"
""2023-01-10 00:10:35" - |INFO| - [mqtt_connector.py] - mqtt_connector - _on_subscribe - 426 - (<paho.mqtt.properties.Properties object at 0x7fa21052dd20>,)"
""2023-01-10 00:10:35" - |INFO| - [mqtt_connector.py] - mqtt_connector - _on_subscribe - 433 - "MQTT Broker Connector" subscription success to topic sensor/+/disconnect, subscription message id = 8"
""2023-01-10 00:10:35" - |INFO| - [mqtt_connector.py] - mqtt_connector - _on_subscribe - 426 - (<paho.mqtt.properties.Properties object at 0x7fa21052e1a0>,)"
""2023-01-10 00:10:35" - |INFO| - [mqtt_connector.py] - mqtt_connector - _on_subscribe - 433 - "MQTT Broker Connector" subscription success to topic v1/devices/me/attributes/request, subscription message id = 9"
""2023-01-10 00:10:45" - |INFO| - [mqtt_connector.py] - mqtt_connector - server_side_rpc_handler - 809 - Incoming server-side RPC: {'device': 'Group-Led-1', 'data': {'id': 326, 'method': 'ControlLed', 'params': {'pin': 2, 'enabled': True}}}"
""2023-01-10 00:14:37" - |INFO| - [mqtt_connector.py] - mqtt_connector - server_side_rpc_handler - 809 - Incoming server-side RPC: {'device': 'Group-Led-1', 'data': {'id': 330, 'method': 'ControlLed', 'params': {'pin': 2, 'enabled': True}}}"
""2023-01-10 00:14:49" - |INFO| - [mqtt_connector.py] - mqtt_connector - server_side_rpc_handler - 809 - Incoming server-side RPC: {'device': 'Group-Led-1', 'data': {'id': 331, 'method': 'ControlLed', 'params': {'pin': 4, 'enabled': True}}}"
""2023-01-10 00:15:02" - |INFO| - [mqtt_connector.py] - mqtt_connector - server_side_rpc_handler - 809 - Incoming server-side RPC: {'device': 'Group-Led-1', 'data': {'id': 332, 'method': 'ControlLed', 'params': {'pin': 3, 'enabled': True}}}"
""2023-01-10 00:31:16" - |INFO| - [mqtt_connector.py] - mqtt_connector - server_side_rpc_handler - 809 - Incoming server-side RPC: {'device': 'Group-Led-1', 'data': {'id': 333, 'method': 'ControlLed', 'params': {'pin': 2, 'enabled': True}}}"
""2023-01-10 00:33:32" - |INFO| - [mqtt_connector.py] - mqtt_connector - close - 309 - MQTT Broker Connector has been stopped."
""2023-01-10 00:51:09" - |INFO| - [mqtt_connector.py] - mqtt_connector - load_handlers - 257 - Number of accepted mapping handlers: 4"
""2023-01-10 00:51:09" - |INFO| - [mqtt_connector.py] - mqtt_connector - load_handlers - 261 - Number of rejected mapping handlers: 0"
""2023-01-10 00:51:09" - |INFO| - [mqtt_connector.py] - mqtt_connector - load_handlers - 257 - Number of accepted serverSideRpc handlers: 2"
""2023-01-10 00:51:09" - |INFO| - [mqtt_connector.py] - mqtt_connector - load_handlers - 261 - Number of rejected serverSideRpc handlers: 0"
""2023-01-10 00:51:09" - |INFO| - [mqtt_connector.py] - mqtt_connector - load_handlers - 257 - Number of accepted connectRequests handlers: 2"
""2023-01-10 00:51:09" - |INFO| - [mqtt_connector.py] - mqtt_connector - load_handlers - 261 - Number of rejected connectRequests handlers: 0"
""2023-01-10 00:51:09" - |INFO| - [mqtt_connector.py] - mqtt_connector - load_handlers - 257 - Number of accepted disconnectRequests handlers: 2"
""2023-01-10 00:51:09" - |INFO| - [mqtt_connector.py] - mqtt_connector - load_handlers - 261 - Number of rejected disconnectRequests handlers: 0"
""2023-01-10 00:51:09" - |INFO| - [mqtt_connector.py] - mqtt_connector - load_handlers - 257 - Number of accepted attributeRequests handlers: 1"
""2023-01-10 00:51:09" - |INFO| - [mqtt_connector.py] - mqtt_connector - load_handlers - 261 - Number of rejected attributeRequests handlers: 0"
""2023-01-10 00:51:09" - |INFO| - [mqtt_connector.py] - mqtt_connector - load_handlers - 257 - Number of accepted attributeUpdates handlers: 1"
""2023-01-10 00:51:09" - |INFO| - [mqtt_connector.py] - mqtt_connector - load_handlers - 261 - Number of rejected attributeUpdates handlers: 0"
""2023-01-10 00:51:09" - |INFO| - [mqtt_connector.py] - mqtt_connector - _on_connect - 324 - MQTT Broker Connector connected to 127.0.0.1:1884 - successfully."
""2023-01-10 00:51:09" - |INFO| - [mqtt_connector.py] - mqtt_connector - _on_connect - 383 - Connector "MQTT Broker Connector" subscribe to v1/devices/me/telemetry"
""2023-01-10 00:51:09" - |INFO| - [mqtt_connector.py] - mqtt_connector - _on_connect - 383 - Connector "MQTT Broker Connector" subscribe to /sensor/+/data"
""2023-01-10 00:51:09" - |INFO| - [mqtt_connector.py] - mqtt_connector - _on_connect - 383 - Connector "MQTT Broker Connector" subscribe to /sensor/raw_data"
""2023-01-10 00:51:09" - |INFO| - [mqtt_connector.py] - mqtt_connector - _on_connect - 383 - Connector "MQTT Broker Connector" subscribe to /custom/sensors/+"
""2023-01-10 00:51:09" - |INFO| - [mqtt_connector.py] - mqtt_connector - _on_subscribe - 426 - (<paho.mqtt.properties.Properties object at 0x7fe5981bdf90>,)"
""2023-01-10 00:51:09" - |INFO| - [mqtt_connector.py] - mqtt_connector - _on_subscribe - 433 - "MQTT Broker Connector" subscription success to topic v1/devices/me/telemetry, subscription message id = 1"
""2023-01-10 00:51:09" - |INFO| - [mqtt_connector.py] - mqtt_connector - _on_subscribe - 426 - (<paho.mqtt.properties.Properties object at 0x7fe5981bdc90>,)"
""2023-01-10 00:51:09" - |INFO| - [mqtt_connector.py] - mqtt_connector - _on_subscribe - 433 - "MQTT Broker Connector" subscription success to topic /sensor/+/data, subscription message id = 2"
""2023-01-10 00:51:09" - |INFO| - [mqtt_connector.py] - mqtt_connector - _on_subscribe - 426 - (<paho.mqtt.properties.Properties object at 0x7fe59b428f10>,)"
""2023-01-10 00:51:09" - |INFO| - [mqtt_connector.py] - mqtt_connector - _on_subscribe - 433 - "MQTT Broker Connector" subscription success to topic /sensor/raw_data, subscription message id = 3"
""2023-01-10 00:51:09" - |INFO| - [mqtt_connector.py] - mqtt_connector - _on_subscribe - 426 - (<paho.mqtt.properties.Properties object at 0x7fe59b428d60>,)"
""2023-01-10 00:51:09" - |INFO| - [mqtt_connector.py] - mqtt_connector - _on_subscribe - 433 - "MQTT Broker Connector" subscription success to topic /custom/sensors/+, subscription message id = 4"
""2023-01-10 00:51:09" - |INFO| - [mqtt_connector.py] - mqtt_connector - _on_subscribe - 426 - (<paho.mqtt.properties.Properties object at 0x7fe59b428f40>,)"
""2023-01-10 00:51:09" - |INFO| - [mqtt_connector.py] - mqtt_connector - _on_subscribe - 433 - "MQTT Broker Connector" subscription success to topic sensor/connect, subscription message id = 5"
""2023-01-10 00:51:10" - |INFO| - [mqtt_connector.py] - mqtt_connector - _on_subscribe - 426 - (<paho.mqtt.properties.Properties object at 0x7fe59b428f10>,)"
""2023-01-10 00:51:10" - |INFO| - [mqtt_connector.py] - mqtt_connector - _on_subscribe - 433 - "MQTT Broker Connector" subscription success to topic sensor/+/connect, subscription message id = 6"
""2023-01-10 00:51:10" - |INFO| - [mqtt_connector.py] - mqtt_connector - _on_subscribe - 426 - (<paho.mqtt.properties.Properties object at 0x7fe59b428d60>,)"
""2023-01-10 00:51:10" - |INFO| - [mqtt_connector.py] - mqtt_connector - _on_subscribe - 433 - "MQTT Broker Connector" subscription success to topic sensor/disconnect, subscription message id = 7"
""2023-01-10 00:51:10" - |INFO| - [mqtt_connector.py] - mqtt_connector - _on_subscribe - 426 - (<paho.mqtt.properties.Properties object at 0x7fe59b428f40>,)"
""2023-01-10 00:51:10" - |INFO| - [mqtt_connector.py] - mqtt_connector - _on_subscribe - 433 - "MQTT Broker Connector" subscription success to topic sensor/+/disconnect, subscription message id = 8"
""2023-01-10 00:51:10" - |INFO| - [mqtt_connector.py] - mqtt_connector - _on_subscribe - 426 - (<paho.mqtt.properties.Properties object at 0x7fe59b428f10>,)"
""2023-01-10 00:51:10" - |INFO| - [mqtt_connector.py] - mqtt_connector - _on_subscribe - 433 - "MQTT Broker Connector" subscription success to topic v1/devices/me/attributes/request, subscription message id = 9"
""2023-01-10 00:51:34" - |INFO| - [mqtt_connector.py] - mqtt_connector - server_side_rpc_handler - 809 - Incoming server-side RPC: {'device': 'Group-Led-1', 'data': {'id': 342, 'method': 'ControlLed', 'params': {'pin': 2, 'enabled': True}}}"
