""2023-02-12 09:54:09" - |INFO| - [mqtt_connector.py] - mqtt_connector - load_handlers - 260 - Number of accepted mapping handlers: 4"
""2023-02-12 09:54:09" - |INFO| - [mqtt_connector.py] - mqtt_connector - load_handlers - 264 - Number of rejected mapping handlers: 0"
""2023-02-12 09:54:09" - |INFO| - [mqtt_connector.py] - mqtt_connector - load_handlers - 260 - Number of accepted serverSideRpc handlers: 1"
""2023-02-12 09:54:09" - |INFO| - [mqtt_connector.py] - mqtt_connector - load_handlers - 264 - Number of rejected serverSideRpc handlers: 0"
""2023-02-12 09:54:09" - |INFO| - [mqtt_connector.py] - mqtt_connector - load_handlers - 260 - Number of accepted connectRequests handlers: 2"
""2023-02-12 09:54:09" - |INFO| - [mqtt_connector.py] - mqtt_connector - load_handlers - 264 - Number of rejected connectRequests handlers: 0"
""2023-02-12 09:54:09" - |INFO| - [mqtt_connector.py] - mqtt_connector - load_handlers - 260 - Number of accepted disconnectRequests handlers: 2"
""2023-02-12 09:54:09" - |INFO| - [mqtt_connector.py] - mqtt_connector - load_handlers - 264 - Number of rejected disconnectRequests handlers: 0"
""2023-02-12 09:54:09" - |INFO| - [mqtt_connector.py] - mqtt_connector - load_handlers - 260 - Number of accepted attributeRequests handlers: 1"
""2023-02-12 09:54:09" - |INFO| - [mqtt_connector.py] - mqtt_connector - load_handlers - 264 - Number of rejected attributeRequests handlers: 0"
""2023-02-12 09:54:09" - |INFO| - [mqtt_connector.py] - mqtt_connector - load_handlers - 260 - Number of accepted attributeUpdates handlers: 1"
""2023-02-12 09:54:09" - |INFO| - [mqtt_connector.py] - mqtt_connector - load_handlers - 264 - Number of rejected attributeUpdates handlers: 0"
""2023-02-12 09:54:09" - |INFO| - [mqtt_connector.py] - mqtt_connector - _on_connect - 327 - MQTT Broker Connector connected to 127.0.0.1:1884 - successfully."
""2023-02-12 09:54:09" - |INFO| - [mqtt_connector.py] - mqtt_connector - _on_connect - 386 - Connector "MQTT Broker Connector" subscribe to v1/devices/me/telemetry"
""2023-02-12 09:54:09" - |INFO| - [mqtt_connector.py] - mqtt_connector - _on_connect - 386 - Connector "MQTT Broker Connector" subscribe to /sensor/+/data"
""2023-02-12 09:54:09" - |INFO| - [mqtt_connector.py] - mqtt_connector - _on_connect - 386 - Connector "MQTT Broker Connector" subscribe to /sensor/raw_data"
""2023-02-12 09:54:09" - |INFO| - [mqtt_connector.py] - mqtt_connector - _on_connect - 386 - Connector "MQTT Broker Connector" subscribe to /custom/sensors/+"
""2023-02-12 09:54:09" - |INFO| - [mqtt_connector.py] - mqtt_connector - _on_subscribe - 429 - (<paho.mqtt.properties.Properties object at 0x7f74acb7f8b0>,)"
""2023-02-12 09:54:09" - |INFO| - [mqtt_connector.py] - mqtt_connector - _on_subscribe - 436 - "MQTT Broker Connector" subscription success to topic v1/devices/me/telemetry, subscription message id = 1"
""2023-02-12 09:54:09" - |INFO| - [mqtt_connector.py] - mqtt_connector - _on_subscribe - 429 - (<paho.mqtt.properties.Properties object at 0x7f74acb7f9a0>,)"
""2023-02-12 09:54:09" - |INFO| - [mqtt_connector.py] - mqtt_connector - _on_subscribe - 436 - "MQTT Broker Connector" subscription success to topic /sensor/+/data, subscription message id = 2"
""2023-02-12 09:54:09" - |INFO| - [mqtt_connector.py] - mqtt_connector - _on_subscribe - 429 - (<paho.mqtt.properties.Properties object at 0x7f74acb7fa00>,)"
""2023-02-12 09:54:09" - |INFO| - [mqtt_connector.py] - mqtt_connector - _on_subscribe - 436 - "MQTT Broker Connector" subscription success to topic /sensor/raw_data, subscription message id = 3"
""2023-02-12 09:54:09" - |INFO| - [mqtt_connector.py] - mqtt_connector - _on_subscribe - 429 - (<paho.mqtt.properties.Properties object at 0x7f74acb7f8b0>,)"
""2023-02-12 09:54:09" - |INFO| - [mqtt_connector.py] - mqtt_connector - _on_subscribe - 436 - "MQTT Broker Connector" subscription success to topic /custom/sensors/+, subscription message id = 4"
""2023-02-12 09:54:09" - |INFO| - [mqtt_connector.py] - mqtt_connector - _on_subscribe - 429 - (<paho.mqtt.properties.Properties object at 0x7f74acb7f9a0>,)"
""2023-02-12 09:54:09" - |INFO| - [mqtt_connector.py] - mqtt_connector - _on_subscribe - 436 - "MQTT Broker Connector" subscription success to topic sensor/connect, subscription message id = 5"
""2023-02-12 09:54:09" - |INFO| - [mqtt_connector.py] - mqtt_connector - _on_subscribe - 429 - (<paho.mqtt.properties.Properties object at 0x7f74acb7fa00>,)"
""2023-02-12 09:54:09" - |INFO| - [mqtt_connector.py] - mqtt_connector - _on_subscribe - 436 - "MQTT Broker Connector" subscription success to topic sensor/+/connect, subscription message id = 6"
""2023-02-12 09:54:09" - |INFO| - [mqtt_connector.py] - mqtt_connector - _on_subscribe - 429 - (<paho.mqtt.properties.Properties object at 0x7f74acb7f8b0>,)"
""2023-02-12 09:54:09" - |INFO| - [mqtt_connector.py] - mqtt_connector - _on_subscribe - 436 - "MQTT Broker Connector" subscription success to topic sensor/disconnect, subscription message id = 7"
""2023-02-12 09:54:09" - |INFO| - [mqtt_connector.py] - mqtt_connector - _on_subscribe - 429 - (<paho.mqtt.properties.Properties object at 0x7f74acb7f9a0>,)"
""2023-02-12 09:54:09" - |INFO| - [mqtt_connector.py] - mqtt_connector - _on_subscribe - 436 - "MQTT Broker Connector" subscription success to topic sensor/+/disconnect, subscription message id = 8"
""2023-02-12 09:54:09" - |INFO| - [mqtt_connector.py] - mqtt_connector - _on_subscribe - 429 - (<paho.mqtt.properties.Properties object at 0x7f74acb7e8f0>,)"
""2023-02-12 09:54:09" - |INFO| - [mqtt_connector.py] - mqtt_connector - _on_subscribe - 436 - "MQTT Broker Connector" subscription success to topic v1/devices/me/attributes/request, subscription message id = 9"
""2023-02-12 09:54:18" - |INFO| - [mqtt_connector.py] - mqtt_connector - _process_on_message - 559 - Connecting device Group-Led-1 of type default"
""2023-02-12 09:54:19" - |INFO| - [mqtt_connector.py] - mqtt_connector - _process_on_message - 559 - Connecting device Group-Led-2 of type default"
""2023-02-12 09:54:28" - |INFO| - [mqtt_connector.py] - mqtt_connector - server_side_rpc_handler - 812 - Incoming server-side RPC: {'device': 'Group-Led-1', 'data': {'id': 114, 'method': 'getGpioStatus', 'params': '{}'}}"
""2023-02-12 09:54:28" - |INFO| - [mqtt_connector.py] - mqtt_connector - __process_rpc_request - 735 - Candidate RPC handler found"
""2023-02-12 09:54:28" - |INFO| - [mqtt_connector.py] - mqtt_connector - __process_rpc_request - 752 - Subscribing to: v1/device/Group-Led-1/response/getGpioStatus/114"
""2023-02-12 09:54:28" - |INFO| - [mqtt_connector.py] - mqtt_connector - _on_subscribe - 429 - (<paho.mqtt.properties.Properties object at 0x7f74ac238a60>,)"
""2023-02-12 09:54:28" - |INFO| - [mqtt_connector.py] - mqtt_connector - _on_subscribe - 436 - "MQTT Broker Connector" subscription success to topic v1/device/Group-Led-1/response/getGpioStatus/114, subscription message id = 10"
""2023-02-12 09:54:28" - |INFO| - [mqtt_connector.py] - mqtt_connector - __process_rpc_request - 797 - Publishing to: v1/device/Group-Led-1/request/getGpioStatus/114 with data "{}""
""2023-02-12 09:54:35" - |INFO| - [mqtt_connector.py] - mqtt_connector - server_side_rpc_handler - 812 - Incoming server-side RPC: {'device': 'Group-Led-1', 'data': {'id': 115, 'method': 'setGpioStatus', 'params': {'pin': 2, 'enabled': True}}}"
""2023-02-12 09:54:35" - |INFO| - [mqtt_connector.py] - mqtt_connector - __process_rpc_request - 735 - Candidate RPC handler found"
""2023-02-12 09:54:35" - |INFO| - [mqtt_connector.py] - mqtt_connector - __process_rpc_request - 752 - Subscribing to: v1/device/Group-Led-1/response/setGpioStatus/115"
""2023-02-12 09:54:35" - |INFO| - [mqtt_connector.py] - mqtt_connector - _on_subscribe - 429 - (<paho.mqtt.properties.Properties object at 0x7f74ac239b10>,)"
""2023-02-12 09:54:35" - |INFO| - [mqtt_connector.py] - mqtt_connector - _on_subscribe - 436 - "MQTT Broker Connector" subscription success to topic v1/device/Group-Led-1/response/setGpioStatus/115, subscription message id = 12"
""2023-02-12 09:54:35" - |INFO| - [mqtt_connector.py] - mqtt_connector - __process_rpc_request - 797 - Publishing to: v1/device/Group-Led-1/request/setGpioStatus/115 with data {"pin": 2, "enabled": true}"
""2023-02-12 09:54:35" - |INFO| - [mqtt_connector.py] - mqtt_connector - _process_on_message - 671 - RPC response arrived. Forwarding it to thingsboard."
""2023-02-12 09:54:36" - |INFO| - [mqtt_connector.py] - mqtt_connector - server_side_rpc_handler - 812 - Incoming server-side RPC: {'device': 'Group-Led-1', 'data': {'id': 116, 'method': 'setGpioStatus', 'params': {'pin': 2, 'enabled': False}}}"
""2023-02-12 09:54:36" - |INFO| - [mqtt_connector.py] - mqtt_connector - __process_rpc_request - 735 - Candidate RPC handler found"
""2023-02-12 09:54:36" - |INFO| - [mqtt_connector.py] - mqtt_connector - __process_rpc_request - 752 - Subscribing to: v1/device/Group-Led-1/response/setGpioStatus/116"
""2023-02-12 09:54:36" - |INFO| - [mqtt_connector.py] - mqtt_connector - _on_subscribe - 429 - (<paho.mqtt.properties.Properties object at 0x7f74ac274580>,)"
""2023-02-12 09:54:36" - |INFO| - [mqtt_connector.py] - mqtt_connector - _on_subscribe - 436 - "MQTT Broker Connector" subscription success to topic v1/device/Group-Led-1/response/setGpioStatus/116, subscription message id = 14"
""2023-02-12 09:54:36" - |INFO| - [mqtt_connector.py] - mqtt_connector - __process_rpc_request - 797 - Publishing to: v1/device/Group-Led-1/request/setGpioStatus/116 with data {"pin": 2, "enabled": false}"
""2023-02-12 09:54:36" - |INFO| - [mqtt_connector.py] - mqtt_connector - _process_on_message - 671 - RPC response arrived. Forwarding it to thingsboard."
""2023-02-12 09:54:38" - |INFO| - [mqtt_connector.py] - mqtt_connector - rpc_cancel_processing - 844 - RPC canceled or terminated. Unsubscribing from v1/device/Group-Led-1/response/getGpioStatus/114"
""2023-02-12 09:54:39" - |INFO| - [mqtt_connector.py] - mqtt_connector - _process_on_message - 559 - Connecting device Group-Led-1 of type default"
""2023-02-12 09:54:39" - |INFO| - [mqtt_connector.py] - mqtt_connector - _process_on_message - 559 - Connecting device Group-Led-2 of type default"
""2023-02-12 09:54:45" - |INFO| - [mqtt_connector.py] - mqtt_connector - rpc_cancel_processing - 844 - RPC canceled or terminated. Unsubscribing from v1/device/Group-Led-1/response/setGpioStatus/115"
""2023-02-12 09:54:46" - |INFO| - [mqtt_connector.py] - mqtt_connector - rpc_cancel_processing - 844 - RPC canceled or terminated. Unsubscribing from v1/device/Group-Led-1/response/setGpioStatus/116"
""2023-02-12 09:54:58" - |INFO| - [mqtt_connector.py] - mqtt_connector - _process_on_message - 559 - Connecting device Group-Led-1 of type default"
""2023-02-12 09:54:58" - |INFO| - [mqtt_connector.py] - mqtt_connector - _process_on_message - 559 - Connecting device Group-Led-2 of type default"
""2023-02-12 09:55:18" - |INFO| - [mqtt_connector.py] - mqtt_connector - _process_on_message - 559 - Connecting device Group-Led-1 of type default"
""2023-02-12 09:55:18" - |INFO| - [mqtt_connector.py] - mqtt_connector - _process_on_message - 559 - Connecting device Group-Led-2 of type default"
""2023-02-12 09:55:38" - |INFO| - [mqtt_connector.py] - mqtt_connector - _process_on_message - 559 - Connecting device Group-Led-1 of type default"
""2023-02-12 09:55:39" - |INFO| - [mqtt_connector.py] - mqtt_connector - _process_on_message - 559 - Connecting device Group-Led-2 of type default"
