""2023-02-20 11:17:42" - |ERROR| - [json_mqtt_uplink_converter.py] - json_mqtt_uplink_converter - parse_device_info - 142 - Error in converter, for config: 
{"type": "json", "deviceNameJsonExpression": "${serialNumber}", "deviceTypeJsonExpression": "${sensorType}", "sendDataOnlyOnChange": false, "timeout": 60000, "attributes": [{"type": "string", "key": "1", "value": "${enabled1}"}, {"type": "string", "key": "2", "value": "${enabled2}"}, {"type": "string", "key": "3", "value": "${enabled3}"}, {"type": "string", "key": "4", "value": "${enabled4}"}, {"type": "string", "key": "5", "value": "${enabled5}"}, {"type": "string", "key": "6", "value": "${enabled6}"}], "timeseries": [{"type": "double", "key": "Type", "value": "${TY}"}, {"type": "string", "key": "Extended Address", "value": "${EX}"}, {"type": "double", "key": "ID", "value": "${ID}"}, {"type": "double", "key": "ADC", "value": "${ADC}"}, {"type": "double", "key": "ON", "value": "${ON}"}, {"type": "double", "key": "Dim", "value": "${DI}"}, {"type": "double", "key": "Time", "value": "${TI}"}, {"type": "string", "key": "Sensor", "value": "${SE}"}, {"type": "string", "key": "State", "value": "${STATE}"}, {"type": "string", "key": "trash", "value": "${trash}"}]}
 and message: 

"
""2023-02-20 11:17:42" - |ERROR| - [json_mqtt_uplink_converter.py] - json_mqtt_uplink_converter - parse_device_info - 143 - Expecting value: line 1 column 1 (char 0)"
Traceback (most recent call last):
  File "/home/ubuntu/huy/Gateway-Viet/thingsboard-gateway/thingsboard_gateway/connectors/mqtt/json_mqtt_uplink_converter.py", line 121, in parse_device_info
    result_tags = TBUtility.get_values(expression, data, get_tag=True)
  File "/home/ubuntu/huy/Gateway-Viet/thingsboard-gateway/thingsboard_gateway/tb_utility/tb_utility.py", line 130, in get_values
    values = [TBUtility.get_value(exp, body, value_type=value_type, get_tag=get_tag,
  File "/home/ubuntu/huy/Gateway-Viet/thingsboard-gateway/thingsboard_gateway/tb_utility/tb_utility.py", line 130, in <listcomp>
    values = [TBUtility.get_value(exp, body, value_type=value_type, get_tag=get_tag,
  File "/home/ubuntu/huy/Gateway-Viet/thingsboard-gateway/thingsboard_gateway/tb_utility/tb_utility.py", line 86, in get_value
    body = loads(body)
  File "/usr/lib/python3/dist-packages/simplejson/__init__.py", line 518, in loads
    return _default_decoder.decode(s)
  File "/usr/lib/python3/dist-packages/simplejson/decoder.py", line 370, in decode
    obj, end = self.raw_decode(s)
  File "/usr/lib/python3/dist-packages/simplejson/decoder.py", line 400, in raw_decode
    return self.scan_once(s, idx=_w(s, idx).end())
simplejson.errors.JSONDecodeError: Expecting value: line 1 column 1 (char 0)
""2023-02-20 11:17:43" - |ERROR| - [json_mqtt_uplink_converter.py] - json_mqtt_uplink_converter - parse_device_info - 142 - Error in converter, for config: 
{"type": "json", "deviceNameJsonExpression": "${serialNumber}", "deviceTypeJsonExpression": "${sensorType}", "sendDataOnlyOnChange": false, "timeout": 60000, "attributes": [{"type": "string", "key": "1", "value": "${enabled1}"}, {"type": "string", "key": "2", "value": "${enabled2}"}, {"type": "string", "key": "3", "value": "${enabled3}"}, {"type": "string", "key": "4", "value": "${enabled4}"}, {"type": "string", "key": "5", "value": "${enabled5}"}, {"type": "string", "key": "6", "value": "${enabled6}"}], "timeseries": [{"type": "double", "key": "Type", "value": "${TY}"}, {"type": "string", "key": "Extended Address", "value": "${EX}"}, {"type": "double", "key": "ID", "value": "${ID}"}, {"type": "double", "key": "ADC", "value": "${ADC}"}, {"type": "double", "key": "ON", "value": "${ON}"}, {"type": "double", "key": "Dim", "value": "${DI}"}, {"type": "double", "key": "Time", "value": "${TI}"}, {"type": "string", "key": "Sensor", "value": "${SE}"}, {"type": "string", "key": "State", "value": "${STATE}"}, {"type": "string", "key": "trash", "value": "${trash}"}]}
 and message: 

"
""2023-02-20 11:17:43" - |ERROR| - [json_mqtt_uplink_converter.py] - json_mqtt_uplink_converter - parse_device_info - 143 - Expecting value: line 1 column 1 (char 0)"
Traceback (most recent call last):
  File "/home/ubuntu/huy/Gateway-Viet/thingsboard-gateway/thingsboard_gateway/connectors/mqtt/json_mqtt_uplink_converter.py", line 121, in parse_device_info
    result_tags = TBUtility.get_values(expression, data, get_tag=True)
  File "/home/ubuntu/huy/Gateway-Viet/thingsboard-gateway/thingsboard_gateway/tb_utility/tb_utility.py", line 130, in get_values
    values = [TBUtility.get_value(exp, body, value_type=value_type, get_tag=get_tag,
  File "/home/ubuntu/huy/Gateway-Viet/thingsboard-gateway/thingsboard_gateway/tb_utility/tb_utility.py", line 130, in <listcomp>
    values = [TBUtility.get_value(exp, body, value_type=value_type, get_tag=get_tag,
  File "/home/ubuntu/huy/Gateway-Viet/thingsboard-gateway/thingsboard_gateway/tb_utility/tb_utility.py", line 86, in get_value
    body = loads(body)
  File "/usr/lib/python3/dist-packages/simplejson/__init__.py", line 518, in loads
    return _default_decoder.decode(s)
  File "/usr/lib/python3/dist-packages/simplejson/decoder.py", line 370, in decode
    obj, end = self.raw_decode(s)
  File "/usr/lib/python3/dist-packages/simplejson/decoder.py", line 400, in raw_decode
    return self.scan_once(s, idx=_w(s, idx).end())
simplejson.errors.JSONDecodeError: Expecting value: line 1 column 1 (char 0)
""2023-02-20 11:17:43" - |ERROR| - [json_mqtt_uplink_converter.py] - json_mqtt_uplink_converter - _convert_single_item - 96 - Error in converter, for config: 
{"type": "json", "deviceNameJsonExpression": "${serialNumber}", "deviceTypeJsonExpression": "${sensorType}", "sendDataOnlyOnChange": false, "timeout": 60000, "attributes": [{"type": "string", "key": "1", "value": "${enabled1}"}, {"type": "string", "key": "2", "value": "${enabled2}"}, {"type": "string", "key": "3", "value": "${enabled3}"}, {"type": "string", "key": "4", "value": "${enabled4}"}, {"type": "string", "key": "5", "value": "${enabled5}"}, {"type": "string", "key": "6", "value": "${enabled6}"}], "timeseries": [{"type": "double", "key": "Type", "value": "${TY}"}, {"type": "string", "key": "Extended Address", "value": "${EX}"}, {"type": "double", "key": "ID", "value": "${ID}"}, {"type": "double", "key": "ADC", "value": "${ADC}"}, {"type": "double", "key": "ON", "value": "${ON}"}, {"type": "double", "key": "Dim", "value": "${DI}"}, {"type": "double", "key": "Time", "value": "${TI}"}, {"type": "string", "key": "Sensor", "value": "${SE}"}, {"type": "string", "key": "State", "value": "${STATE}"}, {"type": "string", "key": "trash", "value": "${trash}"}]}
 and message: 

"
""2023-02-20 11:17:43" - |ERROR| - [json_mqtt_uplink_converter.py] - json_mqtt_uplink_converter - _convert_single_item - 97 - Expecting value: line 1 column 1 (char 0)"
Traceback (most recent call last):
  File "/home/ubuntu/huy/Gateway-Viet/thingsboard-gateway/thingsboard_gateway/connectors/mqtt/json_mqtt_uplink_converter.py", line 68, in _convert_single_item
    values = TBUtility.get_values(datatype_config["value"], data, datatype_config["type"],
  File "/home/ubuntu/huy/Gateway-Viet/thingsboard-gateway/thingsboard_gateway/tb_utility/tb_utility.py", line 130, in get_values
    values = [TBUtility.get_value(exp, body, value_type=value_type, get_tag=get_tag,
  File "/home/ubuntu/huy/Gateway-Viet/thingsboard-gateway/thingsboard_gateway/tb_utility/tb_utility.py", line 130, in <listcomp>
    values = [TBUtility.get_value(exp, body, value_type=value_type, get_tag=get_tag,
  File "/home/ubuntu/huy/Gateway-Viet/thingsboard-gateway/thingsboard_gateway/tb_utility/tb_utility.py", line 86, in get_value
    body = loads(body)
  File "/usr/lib/python3/dist-packages/simplejson/__init__.py", line 518, in loads
    return _default_decoder.decode(s)
  File "/usr/lib/python3/dist-packages/simplejson/decoder.py", line 370, in decode
    obj, end = self.raw_decode(s)
  File "/usr/lib/python3/dist-packages/simplejson/decoder.py", line 400, in raw_decode
    return self.scan_once(s, idx=_w(s, idx).end())
simplejson.errors.JSONDecodeError: Expecting value: line 1 column 1 (char 0)
""2023-02-20 11:17:48" - |ERROR| - [json_mqtt_uplink_converter.py] - json_mqtt_uplink_converter - parse_device_info - 142 - Error in converter, for config: 
{"type": "json", "deviceNameJsonExpression": "${serialNumber}", "deviceTypeJsonExpression": "${sensorType}", "sendDataOnlyOnChange": false, "timeout": 60000, "attributes": [{"type": "string", "key": "1", "value": "${enabled1}"}, {"type": "string", "key": "2", "value": "${enabled2}"}, {"type": "string", "key": "3", "value": "${enabled3}"}, {"type": "string", "key": "4", "value": "${enabled4}"}, {"type": "string", "key": "5", "value": "${enabled5}"}, {"type": "string", "key": "6", "value": "${enabled6}"}], "timeseries": [{"type": "double", "key": "Type", "value": "${TY}"}, {"type": "string", "key": "Extended Address", "value": "${EX}"}, {"type": "double", "key": "ID", "value": "${ID}"}, {"type": "double", "key": "ADC", "value": "${ADC}"}, {"type": "double", "key": "ON", "value": "${ON}"}, {"type": "double", "key": "Dim", "value": "${DI}"}, {"type": "double", "key": "Time", "value": "${TI}"}, {"type": "string", "key": "Sensor", "value": "${SE}"}, {"type": "string", "key": "State", "value": "${STATE}"}, {"type": "string", "key": "trash", "value": "${trash}"}]}
 and message: 

"
""2023-02-20 11:17:48" - |ERROR| - [json_mqtt_uplink_converter.py] - json_mqtt_uplink_converter - parse_device_info - 143 - Expecting value: line 1 column 1 (char 0)"
Traceback (most recent call last):
  File "/home/ubuntu/huy/Gateway-Viet/thingsboard-gateway/thingsboard_gateway/connectors/mqtt/json_mqtt_uplink_converter.py", line 121, in parse_device_info
    result_tags = TBUtility.get_values(expression, data, get_tag=True)
  File "/home/ubuntu/huy/Gateway-Viet/thingsboard-gateway/thingsboard_gateway/tb_utility/tb_utility.py", line 130, in get_values
    values = [TBUtility.get_value(exp, body, value_type=value_type, get_tag=get_tag,
  File "/home/ubuntu/huy/Gateway-Viet/thingsboard-gateway/thingsboard_gateway/tb_utility/tb_utility.py", line 130, in <listcomp>
    values = [TBUtility.get_value(exp, body, value_type=value_type, get_tag=get_tag,
  File "/home/ubuntu/huy/Gateway-Viet/thingsboard-gateway/thingsboard_gateway/tb_utility/tb_utility.py", line 86, in get_value
    body = loads(body)
  File "/usr/lib/python3/dist-packages/simplejson/__init__.py", line 518, in loads
    return _default_decoder.decode(s)
  File "/usr/lib/python3/dist-packages/simplejson/decoder.py", line 370, in decode
    obj, end = self.raw_decode(s)
  File "/usr/lib/python3/dist-packages/simplejson/decoder.py", line 400, in raw_decode
    return self.scan_once(s, idx=_w(s, idx).end())
simplejson.errors.JSONDecodeError: Expecting value: line 1 column 1 (char 0)
""2023-02-20 11:17:48" - |ERROR| - [json_mqtt_uplink_converter.py] - json_mqtt_uplink_converter - parse_device_info - 142 - Error in converter, for config: 
{"type": "json", "deviceNameJsonExpression": "${serialNumber}", "deviceTypeJsonExpression": "${sensorType}", "sendDataOnlyOnChange": false, "timeout": 60000, "attributes": [{"type": "string", "key": "1", "value": "${enabled1}"}, {"type": "string", "key": "2", "value": "${enabled2}"}, {"type": "string", "key": "3", "value": "${enabled3}"}, {"type": "string", "key": "4", "value": "${enabled4}"}, {"type": "string", "key": "5", "value": "${enabled5}"}, {"type": "string", "key": "6", "value": "${enabled6}"}], "timeseries": [{"type": "double", "key": "Type", "value": "${TY}"}, {"type": "string", "key": "Extended Address", "value": "${EX}"}, {"type": "double", "key": "ID", "value": "${ID}"}, {"type": "double", "key": "ADC", "value": "${ADC}"}, {"type": "double", "key": "ON", "value": "${ON}"}, {"type": "double", "key": "Dim", "value": "${DI}"}, {"type": "double", "key": "Time", "value": "${TI}"}, {"type": "string", "key": "Sensor", "value": "${SE}"}, {"type": "string", "key": "State", "value": "${STATE}"}, {"type": "string", "key": "trash", "value": "${trash}"}]}
 and message: 

"
""2023-02-20 11:17:48" - |ERROR| - [json_mqtt_uplink_converter.py] - json_mqtt_uplink_converter - parse_device_info - 143 - Expecting value: line 1 column 1 (char 0)"
Traceback (most recent call last):
  File "/home/ubuntu/huy/Gateway-Viet/thingsboard-gateway/thingsboard_gateway/connectors/mqtt/json_mqtt_uplink_converter.py", line 121, in parse_device_info
    result_tags = TBUtility.get_values(expression, data, get_tag=True)
  File "/home/ubuntu/huy/Gateway-Viet/thingsboard-gateway/thingsboard_gateway/tb_utility/tb_utility.py", line 130, in get_values
    values = [TBUtility.get_value(exp, body, value_type=value_type, get_tag=get_tag,
  File "/home/ubuntu/huy/Gateway-Viet/thingsboard-gateway/thingsboard_gateway/tb_utility/tb_utility.py", line 130, in <listcomp>
    values = [TBUtility.get_value(exp, body, value_type=value_type, get_tag=get_tag,
  File "/home/ubuntu/huy/Gateway-Viet/thingsboard-gateway/thingsboard_gateway/tb_utility/tb_utility.py", line 86, in get_value
    body = loads(body)
  File "/usr/lib/python3/dist-packages/simplejson/__init__.py", line 518, in loads
    return _default_decoder.decode(s)
  File "/usr/lib/python3/dist-packages/simplejson/decoder.py", line 370, in decode
    obj, end = self.raw_decode(s)
  File "/usr/lib/python3/dist-packages/simplejson/decoder.py", line 400, in raw_decode
    return self.scan_once(s, idx=_w(s, idx).end())
simplejson.errors.JSONDecodeError: Expecting value: line 1 column 1 (char 0)
""2023-02-20 11:17:48" - |ERROR| - [json_mqtt_uplink_converter.py] - json_mqtt_uplink_converter - _convert_single_item - 96 - Error in converter, for config: 
{"type": "json", "deviceNameJsonExpression": "${serialNumber}", "deviceTypeJsonExpression": "${sensorType}", "sendDataOnlyOnChange": false, "timeout": 60000, "attributes": [{"type": "string", "key": "1", "value": "${enabled1}"}, {"type": "string", "key": "2", "value": "${enabled2}"}, {"type": "string", "key": "3", "value": "${enabled3}"}, {"type": "string", "key": "4", "value": "${enabled4}"}, {"type": "string", "key": "5", "value": "${enabled5}"}, {"type": "string", "key": "6", "value": "${enabled6}"}], "timeseries": [{"type": "double", "key": "Type", "value": "${TY}"}, {"type": "string", "key": "Extended Address", "value": "${EX}"}, {"type": "double", "key": "ID", "value": "${ID}"}, {"type": "double", "key": "ADC", "value": "${ADC}"}, {"type": "double", "key": "ON", "value": "${ON}"}, {"type": "double", "key": "Dim", "value": "${DI}"}, {"type": "double", "key": "Time", "value": "${TI}"}, {"type": "string", "key": "Sensor", "value": "${SE}"}, {"type": "string", "key": "State", "value": "${STATE}"}, {"type": "string", "key": "trash", "value": "${trash}"}]}
 and message: 

"
""2023-02-20 11:17:48" - |ERROR| - [json_mqtt_uplink_converter.py] - json_mqtt_uplink_converter - _convert_single_item - 97 - Expecting value: line 1 column 1 (char 0)"
Traceback (most recent call last):
  File "/home/ubuntu/huy/Gateway-Viet/thingsboard-gateway/thingsboard_gateway/connectors/mqtt/json_mqtt_uplink_converter.py", line 68, in _convert_single_item
    values = TBUtility.get_values(datatype_config["value"], data, datatype_config["type"],
  File "/home/ubuntu/huy/Gateway-Viet/thingsboard-gateway/thingsboard_gateway/tb_utility/tb_utility.py", line 130, in get_values
    values = [TBUtility.get_value(exp, body, value_type=value_type, get_tag=get_tag,
  File "/home/ubuntu/huy/Gateway-Viet/thingsboard-gateway/thingsboard_gateway/tb_utility/tb_utility.py", line 130, in <listcomp>
    values = [TBUtility.get_value(exp, body, value_type=value_type, get_tag=get_tag,
  File "/home/ubuntu/huy/Gateway-Viet/thingsboard-gateway/thingsboard_gateway/tb_utility/tb_utility.py", line 86, in get_value
    body = loads(body)
  File "/usr/lib/python3/dist-packages/simplejson/__init__.py", line 518, in loads
    return _default_decoder.decode(s)
  File "/usr/lib/python3/dist-packages/simplejson/decoder.py", line 370, in decode
    obj, end = self.raw_decode(s)
  File "/usr/lib/python3/dist-packages/simplejson/decoder.py", line 400, in raw_decode
    return self.scan_once(s, idx=_w(s, idx).end())
simplejson.errors.JSONDecodeError: Expecting value: line 1 column 1 (char 0)
""2023-02-20 11:18:01" - |ERROR| - [json_mqtt_uplink_converter.py] - json_mqtt_uplink_converter - parse_device_info - 142 - Error in converter, for config: 
{"type": "json", "deviceNameJsonExpression": "${serialNumber}", "deviceTypeJsonExpression": "${sensorType}", "sendDataOnlyOnChange": false, "timeout": 60000, "attributes": [{"type": "string", "key": "1", "value": "${enabled1}"}, {"type": "string", "key": "2", "value": "${enabled2}"}, {"type": "string", "key": "3", "value": "${enabled3}"}, {"type": "string", "key": "4", "value": "${enabled4}"}, {"type": "string", "key": "5", "value": "${enabled5}"}, {"type": "string", "key": "6", "value": "${enabled6}"}], "timeseries": [{"type": "double", "key": "Type", "value": "${TY}"}, {"type": "string", "key": "Extended Address", "value": "${EX}"}, {"type": "double", "key": "ID", "value": "${ID}"}, {"type": "double", "key": "ADC", "value": "${ADC}"}, {"type": "double", "key": "ON", "value": "${ON}"}, {"type": "double", "key": "Dim", "value": "${DI}"}, {"type": "double", "key": "Time", "value": "${TI}"}, {"type": "string", "key": "Sensor", "value": "${SE}"}, {"type": "string", "key": "State", "value": "${STATE}"}, {"type": "string", "key": "trash", "value": "${trash}"}]}
 and message: 

"
""2023-02-20 11:18:01" - |ERROR| - [json_mqtt_uplink_converter.py] - json_mqtt_uplink_converter - parse_device_info - 143 - Expecting value: line 1 column 1 (char 0)"
Traceback (most recent call last):
  File "/home/ubuntu/huy/Gateway-Viet/thingsboard-gateway/thingsboard_gateway/connectors/mqtt/json_mqtt_uplink_converter.py", line 121, in parse_device_info
    result_tags = TBUtility.get_values(expression, data, get_tag=True)
  File "/home/ubuntu/huy/Gateway-Viet/thingsboard-gateway/thingsboard_gateway/tb_utility/tb_utility.py", line 130, in get_values
    values = [TBUtility.get_value(exp, body, value_type=value_type, get_tag=get_tag,
  File "/home/ubuntu/huy/Gateway-Viet/thingsboard-gateway/thingsboard_gateway/tb_utility/tb_utility.py", line 130, in <listcomp>
    values = [TBUtility.get_value(exp, body, value_type=value_type, get_tag=get_tag,
  File "/home/ubuntu/huy/Gateway-Viet/thingsboard-gateway/thingsboard_gateway/tb_utility/tb_utility.py", line 86, in get_value
    body = loads(body)
  File "/usr/lib/python3/dist-packages/simplejson/__init__.py", line 518, in loads
    return _default_decoder.decode(s)
  File "/usr/lib/python3/dist-packages/simplejson/decoder.py", line 370, in decode
    obj, end = self.raw_decode(s)
  File "/usr/lib/python3/dist-packages/simplejson/decoder.py", line 400, in raw_decode
    return self.scan_once(s, idx=_w(s, idx).end())
simplejson.errors.JSONDecodeError: Expecting value: line 1 column 1 (char 0)
""2023-02-20 11:18:01" - |ERROR| - [json_mqtt_uplink_converter.py] - json_mqtt_uplink_converter - parse_device_info - 142 - Error in converter, for config: 
{"type": "json", "deviceNameJsonExpression": "${serialNumber}", "deviceTypeJsonExpression": "${sensorType}", "sendDataOnlyOnChange": false, "timeout": 60000, "attributes": [{"type": "string", "key": "1", "value": "${enabled1}"}, {"type": "string", "key": "2", "value": "${enabled2}"}, {"type": "string", "key": "3", "value": "${enabled3}"}, {"type": "string", "key": "4", "value": "${enabled4}"}, {"type": "string", "key": "5", "value": "${enabled5}"}, {"type": "string", "key": "6", "value": "${enabled6}"}], "timeseries": [{"type": "double", "key": "Type", "value": "${TY}"}, {"type": "string", "key": "Extended Address", "value": "${EX}"}, {"type": "double", "key": "ID", "value": "${ID}"}, {"type": "double", "key": "ADC", "value": "${ADC}"}, {"type": "double", "key": "ON", "value": "${ON}"}, {"type": "double", "key": "Dim", "value": "${DI}"}, {"type": "double", "key": "Time", "value": "${TI}"}, {"type": "string", "key": "Sensor", "value": "${SE}"}, {"type": "string", "key": "State", "value": "${STATE}"}, {"type": "string", "key": "trash", "value": "${trash}"}]}
 and message: 

"
""2023-02-20 11:18:01" - |ERROR| - [json_mqtt_uplink_converter.py] - json_mqtt_uplink_converter - parse_device_info - 143 - Expecting value: line 1 column 1 (char 0)"
Traceback (most recent call last):
  File "/home/ubuntu/huy/Gateway-Viet/thingsboard-gateway/thingsboard_gateway/connectors/mqtt/json_mqtt_uplink_converter.py", line 121, in parse_device_info
    result_tags = TBUtility.get_values(expression, data, get_tag=True)
  File "/home/ubuntu/huy/Gateway-Viet/thingsboard-gateway/thingsboard_gateway/tb_utility/tb_utility.py", line 130, in get_values
    values = [TBUtility.get_value(exp, body, value_type=value_type, get_tag=get_tag,
  File "/home/ubuntu/huy/Gateway-Viet/thingsboard-gateway/thingsboard_gateway/tb_utility/tb_utility.py", line 130, in <listcomp>
    values = [TBUtility.get_value(exp, body, value_type=value_type, get_tag=get_tag,
  File "/home/ubuntu/huy/Gateway-Viet/thingsboard-gateway/thingsboard_gateway/tb_utility/tb_utility.py", line 86, in get_value
    body = loads(body)
  File "/usr/lib/python3/dist-packages/simplejson/__init__.py", line 518, in loads
    return _default_decoder.decode(s)
  File "/usr/lib/python3/dist-packages/simplejson/decoder.py", line 370, in decode
    obj, end = self.raw_decode(s)
  File "/usr/lib/python3/dist-packages/simplejson/decoder.py", line 400, in raw_decode
    return self.scan_once(s, idx=_w(s, idx).end())
simplejson.errors.JSONDecodeError: Expecting value: line 1 column 1 (char 0)
""2023-02-20 11:18:01" - |ERROR| - [json_mqtt_uplink_converter.py] - json_mqtt_uplink_converter - _convert_single_item - 96 - Error in converter, for config: 
{"type": "json", "deviceNameJsonExpression": "${serialNumber}", "deviceTypeJsonExpression": "${sensorType}", "sendDataOnlyOnChange": false, "timeout": 60000, "attributes": [{"type": "string", "key": "1", "value": "${enabled1}"}, {"type": "string", "key": "2", "value": "${enabled2}"}, {"type": "string", "key": "3", "value": "${enabled3}"}, {"type": "string", "key": "4", "value": "${enabled4}"}, {"type": "string", "key": "5", "value": "${enabled5}"}, {"type": "string", "key": "6", "value": "${enabled6}"}], "timeseries": [{"type": "double", "key": "Type", "value": "${TY}"}, {"type": "string", "key": "Extended Address", "value": "${EX}"}, {"type": "double", "key": "ID", "value": "${ID}"}, {"type": "double", "key": "ADC", "value": "${ADC}"}, {"type": "double", "key": "ON", "value": "${ON}"}, {"type": "double", "key": "Dim", "value": "${DI}"}, {"type": "double", "key": "Time", "value": "${TI}"}, {"type": "string", "key": "Sensor", "value": "${SE}"}, {"type": "string", "key": "State", "value": "${STATE}"}, {"type": "string", "key": "trash", "value": "${trash}"}]}
 and message: 

"
""2023-02-20 11:18:01" - |ERROR| - [json_mqtt_uplink_converter.py] - json_mqtt_uplink_converter - _convert_single_item - 97 - Expecting value: line 1 column 1 (char 0)"
Traceback (most recent call last):
  File "/home/ubuntu/huy/Gateway-Viet/thingsboard-gateway/thingsboard_gateway/connectors/mqtt/json_mqtt_uplink_converter.py", line 68, in _convert_single_item
    values = TBUtility.get_values(datatype_config["value"], data, datatype_config["type"],
  File "/home/ubuntu/huy/Gateway-Viet/thingsboard-gateway/thingsboard_gateway/tb_utility/tb_utility.py", line 130, in get_values
    values = [TBUtility.get_value(exp, body, value_type=value_type, get_tag=get_tag,
  File "/home/ubuntu/huy/Gateway-Viet/thingsboard-gateway/thingsboard_gateway/tb_utility/tb_utility.py", line 130, in <listcomp>
    values = [TBUtility.get_value(exp, body, value_type=value_type, get_tag=get_tag,
  File "/home/ubuntu/huy/Gateway-Viet/thingsboard-gateway/thingsboard_gateway/tb_utility/tb_utility.py", line 86, in get_value
    body = loads(body)
  File "/usr/lib/python3/dist-packages/simplejson/__init__.py", line 518, in loads
    return _default_decoder.decode(s)
  File "/usr/lib/python3/dist-packages/simplejson/decoder.py", line 370, in decode
    obj, end = self.raw_decode(s)
  File "/usr/lib/python3/dist-packages/simplejson/decoder.py", line 400, in raw_decode
    return self.scan_once(s, idx=_w(s, idx).end())
simplejson.errors.JSONDecodeError: Expecting value: line 1 column 1 (char 0)
