""2023-01-13 18:27:18" - |INFO| - [tb_gateway_service.py] - tb_gateway_service - __init__ - 149 - Gateway starting..."
""2023-01-13 18:27:19" - |INFO| - [tb_gateway_service.py] - tb_gateway_service - __init__ - 154 - ThingsBoard IoT gateway version: 3.2"
""2023-01-13 18:27:19" - |INFO| - [tb_loader.py] - tb_loader - import_module - 68 - Import GrpcMqttConnector from /home/viet/working_space/mqtt-thingsboard/thingsboard-gateway/thingsboard_gateway/grpc_connectors/mqtt."
""2023-01-13 18:27:19" - |INFO| - [tb_loader.py] - tb_loader - import_module - 68 - Import MqttConnector from /home/viet/working_space/mqtt-thingsboard/thingsboard-gateway/thingsboard_gateway/connectors/mqtt."
""2023-01-13 18:27:19" - |INFO| - [tb_loader.py] - tb_loader - import_module - 68 - Import JsonMqttUplinkConverter from /home/viet/working_space/mqtt-thingsboard/thingsboard-gateway/thingsboard_gateway/connectors/mqtt."
""2023-01-13 18:27:19" - |INFO| - [tb_gateway_service.py] - tb_gateway_service - __init__ - 263 - Gateway started."
""2023-01-13 18:27:19" - |INFO| - [tb_loader.py] - tb_loader - import_module - 68 - Import BytesMqttUplinkConverter from /home/viet/working_space/mqtt-thingsboard/thingsboard-gateway/thingsboard_gateway/connectors/mqtt."
""2023-01-13 18:27:19" - |INFO| - [tb_loader.py] - tb_loader - import_module - 68 - Import CustomMqttUplinkConverter from /home/viet/working_space/mqtt-thingsboard/thingsboard-gateway/thingsboard_gateway/extensions/mqtt."
""2023-01-13 18:27:20" - |INFO| - [tb_updater.py] - tb_updater - check_for_new_version - 84 - v3.2"
""2023-01-13 18:27:20" - |INFO| - [tb_updater.py] - tb_updater - check_for_new_version - 86 - 

[===UPDATE===]

 New version v3.2 is available! 

[===UPDATE===]
"
""2023-01-13 18:28:41" - |INFO| - [tb_gateway_service.py] - tb_gateway_service - __stop_gateway - 366 - Stopping..."
""2023-01-13 18:28:41" - |INFO| - [tb_gateway_service.py] - tb_gateway_service - __stop_gateway - 375 - The gateway has been stopped."
""2023-01-13 18:28:45" - |INFO| - [tb_gateway_service.py] - tb_gateway_service - __init__ - 149 - Gateway starting..."
""2023-01-13 18:28:45" - |INFO| - [tb_gateway_service.py] - tb_gateway_service - __init__ - 154 - ThingsBoard IoT gateway version: 3.2"
""2023-01-13 18:28:45" - |INFO| - [tb_loader.py] - tb_loader - import_module - 68 - Import GrpcMqttConnector from /home/viet/working_space/mqtt-thingsboard/thingsboard-gateway/thingsboard_gateway/grpc_connectors/mqtt."
""2023-01-13 18:28:45" - |INFO| - [tb_loader.py] - tb_loader - import_module - 68 - Import MqttConnector from /home/viet/working_space/mqtt-thingsboard/thingsboard-gateway/thingsboard_gateway/connectors/mqtt."
""2023-01-13 18:28:45" - |INFO| - [tb_loader.py] - tb_loader - import_module - 68 - Import JsonMqttUplinkConverter from /home/viet/working_space/mqtt-thingsboard/thingsboard-gateway/thingsboard_gateway/connectors/mqtt."
""2023-01-13 18:28:45" - |INFO| - [tb_gateway_service.py] - tb_gateway_service - __init__ - 263 - Gateway started."
""2023-01-13 18:28:45" - |INFO| - [tb_loader.py] - tb_loader - import_module - 68 - Import BytesMqttUplinkConverter from /home/viet/working_space/mqtt-thingsboard/thingsboard-gateway/thingsboard_gateway/connectors/mqtt."
""2023-01-13 18:28:45" - |INFO| - [tb_loader.py] - tb_loader - import_module - 68 - Import CustomMqttUplinkConverter from /home/viet/working_space/mqtt-thingsboard/thingsboard-gateway/thingsboard_gateway/extensions/mqtt."
""2023-01-13 18:28:46" - |INFO| - [tb_updater.py] - tb_updater - check_for_new_version - 84 - v3.2"
""2023-01-13 18:28:46" - |INFO| - [tb_updater.py] - tb_updater - check_for_new_version - 86 - 

[===UPDATE===]

 New version v3.2 is available! 

[===UPDATE===]
"
""2023-01-13 18:29:18" - |INFO| - [tb_gateway_service.py] - tb_gateway_service - rpc_with_reply_processing - 1040 - Outgoing RPC. Device: Group-Led-2, ID: 0"
""2023-01-13 18:29:18" - |INFO| - [tb_gateway_service.py] - tb_gateway_service - rpc_with_reply_processing - 1040 - Outgoing RPC. Device: Group-Led-2, ID: 1"
""2023-01-13 18:29:26" - |INFO| - [tb_gateway_service.py] - tb_gateway_service - rpc_with_reply_processing - 1040 - Outgoing RPC. Device: Group-Led-1, ID: 1"
""2023-01-13 18:29:27" - |INFO| - [tb_gateway_service.py] - tb_gateway_service - rpc_with_reply_processing - 1040 - Outgoing RPC. Device: Group-Led-1, ID: 2"
""2023-01-13 18:29:28" - |INFO| - [tb_gateway_service.py] - tb_gateway_service - rpc_with_reply_processing - 1040 - Outgoing RPC. Device: Group-Led-1, ID: 3"
""2023-01-13 18:29:29" - |INFO| - [tb_gateway_service.py] - tb_gateway_service - rpc_with_reply_processing - 1040 - Outgoing RPC. Device: Group-Led-1, ID: 4"
""2023-01-13 18:29:33" - |INFO| - [tb_gateway_service.py] - tb_gateway_service - rpc_with_reply_processing - 1040 - Outgoing RPC. Device: Group-Led-1, ID: 5"
""2023-01-13 18:29:34" - |INFO| - [tb_gateway_service.py] - tb_gateway_service - rpc_with_reply_processing - 1040 - Outgoing RPC. Device: Group-Led-1, ID: 6"
""2023-01-13 18:29:43" - |INFO| - [tb_gateway_service.py] - tb_gateway_service - rpc_with_reply_processing - 1040 - Outgoing RPC. Device: Group-Led-1, ID: 7"
""2023-01-13 18:29:45" - |INFO| - [tb_gateway_service.py] - tb_gateway_service - rpc_with_reply_processing - 1040 - Outgoing RPC. Device: Group-Led-1, ID: 8"
""2023-01-13 18:31:05" - |INFO| - [tb_gateway_service.py] - tb_gateway_service - rpc_with_reply_processing - 1040 - Outgoing RPC. Device: Group-Led-1, ID: 9"
""2023-01-13 18:31:24" - |INFO| - [tb_gateway_service.py] - tb_gateway_service - rpc_with_reply_processing - 1040 - Outgoing RPC. Device: Group-Led-1, ID: 11"
""2023-01-13 18:32:43" - |INFO| - [tb_gateway_service.py] - tb_gateway_service - rpc_with_reply_processing - 1040 - Outgoing RPC. Device: Group-Led-1, ID: 13"
""2023-01-13 18:33:32" - |INFO| - [tb_gateway_service.py] - tb_gateway_service - rpc_with_reply_processing - 1040 - Outgoing RPC. Device: Group-Led-1, ID: 14"
""2023-01-13 18:34:30" - |INFO| - [tb_gateway_service.py] - tb_gateway_service - rpc_with_reply_processing - 1040 - Outgoing RPC. Device: Group-Led-1, ID: 15"
""2023-01-13 18:34:40" - |INFO| - [tb_gateway_service.py] - tb_gateway_service - rpc_with_reply_processing - 1040 - Outgoing RPC. Device: Group-Led-1, ID: 16"
""2023-01-13 18:34:47" - |INFO| - [tb_gateway_service.py] - tb_gateway_service - rpc_with_reply_processing - 1040 - Outgoing RPC. Device: Group-Led-1, ID: 17"
""2023-01-13 18:35:51" - |INFO| - [tb_gateway_service.py] - tb_gateway_service - rpc_with_reply_processing - 1040 - Outgoing RPC. Device: Group-Led-1, ID: 20"
""2023-01-13 18:36:06" - |INFO| - [tb_gateway_service.py] - tb_gateway_service - rpc_with_reply_processing - 1040 - Outgoing RPC. Device: Group-Led-1, ID: 21"
""2023-01-13 18:36:11" - |INFO| - [tb_gateway_service.py] - tb_gateway_service - rpc_with_reply_processing - 1040 - Outgoing RPC. Device: Group-Led-1, ID: 22"
""2023-01-13 18:37:00" - |INFO| - [tb_gateway_service.py] - tb_gateway_service - rpc_with_reply_processing - 1040 - Outgoing RPC. Device: Group-Led-1, ID: 23"
""2023-01-13 18:37:01" - |INFO| - [tb_gateway_service.py] - tb_gateway_service - rpc_with_reply_processing - 1040 - Outgoing RPC. Device: Group-Led-1, ID: 24"
""2023-01-13 18:37:02" - |INFO| - [tb_gateway_service.py] - tb_gateway_service - rpc_with_reply_processing - 1040 - Outgoing RPC. Device: Group-Led-1, ID: 25"
""2023-01-13 18:37:09" - |INFO| - [tb_gateway_service.py] - tb_gateway_service - rpc_with_reply_processing - 1040 - Outgoing RPC. Device: Group-Led-1, ID: 26"
""2023-01-13 18:37:18" - |INFO| - [tb_gateway_service.py] - tb_gateway_service - rpc_with_reply_processing - 1040 - Outgoing RPC. Device: Group-Led-1, ID: 27"
""2023-01-13 18:37:39" - |INFO| - [tb_gateway_service.py] - tb_gateway_service - rpc_with_reply_processing - 1040 - Outgoing RPC. Device: Group-Led-1, ID: 28"
""2023-01-13 18:37:42" - |INFO| - [tb_gateway_service.py] - tb_gateway_service - rpc_with_reply_processing - 1040 - Outgoing RPC. Device: Group-Led-1, ID: 29"
""2023-01-13 18:37:45" - |INFO| - [tb_gateway_service.py] - tb_gateway_service - rpc_with_reply_processing - 1040 - Outgoing RPC. Device: Group-Led-1, ID: 30"
""2023-01-13 18:38:03" - |INFO| - [tb_gateway_service.py] - tb_gateway_service - rpc_with_reply_processing - 1040 - Outgoing RPC. Device: Group-Led-1, ID: 31"
""2023-01-13 18:38:06" - |INFO| - [tb_gateway_service.py] - tb_gateway_service - rpc_with_reply_processing - 1040 - Outgoing RPC. Device: Group-Led-1, ID: 32"
""2023-01-13 18:38:12" - |INFO| - [tb_gateway_service.py] - tb_gateway_service - rpc_with_reply_processing - 1040 - Outgoing RPC. Device: Group-Led-1, ID: 33"
""2023-01-13 18:39:03" - |INFO| - [tb_gateway_service.py] - tb_gateway_service - rpc_with_reply_processing - 1040 - Outgoing RPC. Device: Group-Led-1, ID: 34"
""2023-01-13 19:13:15" - |INFO| - [tb_gateway_service.py] - tb_gateway_service - rpc_with_reply_processing - 1040 - Outgoing RPC. Device: Group-Led-1, ID: 40"
""2023-01-13 19:13:17" - |INFO| - [tb_gateway_service.py] - tb_gateway_service - rpc_with_reply_processing - 1040 - Outgoing RPC. Device: Group-Led-1, ID: 41"
""2023-01-13 19:13:18" - |INFO| - [tb_gateway_service.py] - tb_gateway_service - rpc_with_reply_processing - 1040 - Outgoing RPC. Device: Group-Led-1, ID: 42"
""2023-01-13 19:13:21" - |INFO| - [tb_gateway_service.py] - tb_gateway_service - rpc_with_reply_processing - 1040 - Outgoing RPC. Device: Group-Led-1, ID: 43"
""2023-01-13 19:13:28" - |INFO| - [tb_gateway_service.py] - tb_gateway_service - rpc_with_reply_processing - 1040 - Outgoing RPC. Device: Group-Led-1, ID: 44"
""2023-01-13 19:13:30" - |INFO| - [tb_gateway_service.py] - tb_gateway_service - rpc_with_reply_processing - 1040 - Outgoing RPC. Device: Group-Led-1, ID: 45"
""2023-01-13 19:13:45" - |INFO| - [tb_gateway_service.py] - tb_gateway_service - rpc_with_reply_processing - 1040 - Outgoing RPC. Device: Group-Led-1, ID: 46"
""2023-01-13 19:13:51" - |INFO| - [tb_gateway_service.py] - tb_gateway_service - rpc_with_reply_processing - 1040 - Outgoing RPC. Device: Group-Led-1, ID: 47"
""2023-01-13 19:15:46" - |INFO| - [tb_gateway_service.py] - tb_gateway_service - rpc_with_reply_processing - 1040 - Outgoing RPC. Device: Group-Led-1, ID: 48"
""2023-01-13 19:15:48" - |INFO| - [tb_gateway_service.py] - tb_gateway_service - rpc_with_reply_processing - 1040 - Outgoing RPC. Device: Group-Led-1, ID: 49"
""2023-01-13 19:16:36" - |INFO| - [tb_gateway_service.py] - tb_gateway_service - rpc_with_reply_processing - 1040 - Outgoing RPC. Device: Group-Led-1, ID: 50"
""2023-01-13 19:17:37" - |INFO| - [tb_gateway_service.py] - tb_gateway_service - rpc_with_reply_processing - 1040 - Outgoing RPC. Device: Group-Led-1, ID: 52"
""2023-01-13 19:18:02" - |INFO| - [tb_gateway_service.py] - tb_gateway_service - rpc_with_reply_processing - 1040 - Outgoing RPC. Device: Group-Led-1, ID: 54"
""2023-01-13 19:18:05" - |INFO| - [tb_gateway_service.py] - tb_gateway_service - rpc_with_reply_processing - 1040 - Outgoing RPC. Device: Group-Led-1, ID: 55"
""2023-01-13 19:18:14" - |INFO| - [tb_gateway_service.py] - tb_gateway_service - rpc_with_reply_processing - 1040 - Outgoing RPC. Device: Group-Led-1, ID: 56"
""2023-01-13 19:18:14" - |INFO| - [tb_gateway_service.py] - tb_gateway_service - rpc_with_reply_processing - 1040 - Outgoing RPC. Device: Group-Led-1, ID: 57"
""2023-01-13 19:18:49" - |INFO| - [tb_gateway_service.py] - tb_gateway_service - rpc_with_reply_processing - 1040 - Outgoing RPC. Device: Group-Led-1, ID: 58"
""2023-01-13 19:20:32" - |INFO| - [tb_gateway_service.py] - tb_gateway_service - rpc_with_reply_processing - 1040 - Outgoing RPC. Device: Group-Led-1, ID: 59"
""2023-01-13 19:20:37" - |INFO| - [tb_gateway_service.py] - tb_gateway_service - rpc_with_reply_processing - 1040 - Outgoing RPC. Device: Group-Led-1, ID: 60"
""2023-01-13 19:21:44" - |INFO| - [tb_gateway_service.py] - tb_gateway_service - rpc_with_reply_processing - 1040 - Outgoing RPC. Device: Group-Led-1, ID: 61"
""2023-01-13 19:22:30" - |INFO| - [tb_gateway_service.py] - tb_gateway_service - rpc_with_reply_processing - 1040 - Outgoing RPC. Device: Group-Led-1, ID: 62"
""2023-01-13 19:22:53" - |INFO| - [tb_gateway_service.py] - tb_gateway_service - rpc_with_reply_processing - 1040 - Outgoing RPC. Device: Group-Led-1, ID: 63"
""2023-01-13 19:28:02" - |INFO| - [tb_gateway_service.py] - tb_gateway_service - rpc_with_reply_processing - 1040 - Outgoing RPC. Device: Group-Led-1, ID: 64"
""2023-01-13 19:28:47" - |INFO| - [tb_updater.py] - tb_updater - check_for_new_version - 84 - v3.2"
""2023-01-13 19:28:47" - |INFO| - [tb_updater.py] - tb_updater - check_for_new_version - 86 - 

[===UPDATE===]

 New version v3.2 is available! 

[===UPDATE===]
"
""2023-01-13 19:29:22" - |INFO| - [tb_gateway_service.py] - tb_gateway_service - rpc_with_reply_processing - 1040 - Outgoing RPC. Device: Group-Led-1, ID: 65"
""2023-01-13 19:30:39" - |INFO| - [tb_gateway_service.py] - tb_gateway_service - rpc_with_reply_processing - 1040 - Outgoing RPC. Device: Group-Led-1, ID: 66"
""2023-01-13 19:31:24" - |INFO| - [tb_gateway_service.py] - tb_gateway_service - rpc_with_reply_processing - 1040 - Outgoing RPC. Device: Group-Led-1, ID: 67"
""2023-01-13 19:31:24" - |INFO| - [tb_gateway_service.py] - tb_gateway_service - rpc_with_reply_processing - 1040 - Outgoing RPC. Device: Group-Led-1, ID: 67"
""2023-01-13 19:31:38" - |INFO| - [tb_gateway_service.py] - tb_gateway_service - rpc_with_reply_processing - 1040 - Outgoing RPC. Device: Group-Led-1, ID: 68"
""2023-01-13 19:31:38" - |INFO| - [tb_gateway_service.py] - tb_gateway_service - rpc_with_reply_processing - 1040 - Outgoing RPC. Device: Group-Led-1, ID: 68"
""2023-01-13 19:31:45" - |INFO| - [tb_gateway_service.py] - tb_gateway_service - rpc_with_reply_processing - 1040 - Outgoing RPC. Device: Group-Led-1, ID: 69"
""2023-01-13 19:31:45" - |INFO| - [tb_gateway_service.py] - tb_gateway_service - rpc_with_reply_processing - 1040 - Outgoing RPC. Device: Group-Led-1, ID: 69"
""2023-01-13 19:31:59" - |INFO| - [tb_gateway_service.py] - tb_gateway_service - rpc_with_reply_processing - 1040 - Outgoing RPC. Device: Group-Led-1, ID: 70"
""2023-01-13 19:31:59" - |INFO| - [tb_gateway_service.py] - tb_gateway_service - rpc_with_reply_processing - 1040 - Outgoing RPC. Device: Group-Led-1, ID: 70"
""2023-01-13 19:31:59" - |INFO| - [tb_gateway_service.py] - tb_gateway_service - rpc_with_reply_processing - 1040 - Outgoing RPC. Device: Group-Led-1, ID: 70"
""2023-01-13 19:32:19" - |INFO| - [tb_gateway_service.py] - tb_gateway_service - rpc_with_reply_processing - 1040 - Outgoing RPC. Device: Group-Led-1, ID: 71"
""2023-01-13 19:32:19" - |INFO| - [tb_gateway_service.py] - tb_gateway_service - rpc_with_reply_processing - 1040 - Outgoing RPC. Device: Group-Led-1, ID: 71"
""2023-01-13 19:33:21" - |INFO| - [tb_gateway_service.py] - tb_gateway_service - rpc_with_reply_processing - 1040 - Outgoing RPC. Device: Group-Led-1, ID: 72"
""2023-01-13 19:36:11" - |INFO| - [tb_gateway_service.py] - tb_gateway_service - rpc_with_reply_processing - 1040 - Outgoing RPC. Device: Group-Led-1, ID: 73"
""2023-01-13 19:36:16" - |INFO| - [tb_gateway_service.py] - tb_gateway_service - rpc_with_reply_processing - 1040 - Outgoing RPC. Device: Group-Led-1, ID: 74"
""2023-01-13 19:36:20" - |INFO| - [tb_gateway_service.py] - tb_gateway_service - rpc_with_reply_processing - 1040 - Outgoing RPC. Device: Group-Led-1, ID: 75"
""2023-01-13 19:36:25" - |INFO| - [tb_gateway_service.py] - tb_gateway_service - rpc_with_reply_processing - 1040 - Outgoing RPC. Device: Group-Led-1, ID: 76"
""2023-01-13 19:36:25" - |INFO| - [tb_gateway_service.py] - tb_gateway_service - rpc_with_reply_processing - 1040 - Outgoing RPC. Device: Group-Led-1, ID: 76"
""2023-01-13 19:38:23" - |INFO| - [tb_gateway_service.py] - tb_gateway_service - rpc_with_reply_processing - 1040 - Outgoing RPC. Device: Group-Led-1, ID: 77"
""2023-01-13 19:38:30" - |INFO| - [tb_gateway_service.py] - tb_gateway_service - rpc_with_reply_processing - 1040 - Outgoing RPC. Device: Group-Led-1, ID: 78"
""2023-01-13 19:40:38" - |INFO| - [tb_gateway_service.py] - tb_gateway_service - rpc_with_reply_processing - 1040 - Outgoing RPC. Device: Group-Led-1, ID: 79"
""2023-01-13 19:41:24" - |INFO| - [tb_gateway_service.py] - tb_gateway_service - rpc_with_reply_processing - 1040 - Outgoing RPC. Device: Group-Led-1, ID: 80"
""2023-01-13 19:43:42" - |INFO| - [tb_gateway_service.py] - tb_gateway_service - rpc_with_reply_processing - 1040 - Outgoing RPC. Device: Group-Led-1, ID: 81"
""2023-01-13 19:44:15" - |INFO| - [tb_gateway_service.py] - tb_gateway_service - rpc_with_reply_processing - 1040 - Outgoing RPC. Device: Group-Led-1, ID: 82"
""2023-01-13 19:44:27" - |INFO| - [tb_gateway_service.py] - tb_gateway_service - rpc_with_reply_processing - 1040 - Outgoing RPC. Device: Group-Led-1, ID: 83"
""2023-01-13 19:44:34" - |INFO| - [tb_gateway_service.py] - tb_gateway_service - rpc_with_reply_processing - 1040 - Outgoing RPC. Device: Group-Led-1, ID: 84"
""2023-01-13 19:44:55" - |INFO| - [tb_gateway_service.py] - tb_gateway_service - rpc_with_reply_processing - 1040 - Outgoing RPC. Device: Group-Led-1, ID: 86"
""2023-01-13 19:45:46" - |INFO| - [tb_gateway_service.py] - tb_gateway_service - rpc_with_reply_processing - 1040 - Outgoing RPC. Device: Group-Led-1, ID: 88"
""2023-01-13 19:46:39" - |INFO| - [tb_gateway_service.py] - tb_gateway_service - rpc_with_reply_processing - 1040 - Outgoing RPC. Device: Group-Led-1, ID: 90"
""2023-01-13 19:46:44" - |INFO| - [tb_gateway_service.py] - tb_gateway_service - rpc_with_reply_processing - 1040 - Outgoing RPC. Device: Group-Led-1, ID: 91"
""2023-01-13 20:07:47" - |INFO| - [tb_gateway_service.py] - tb_gateway_service - __stop_gateway - 366 - Stopping..."
""2023-01-13 20:07:47" - |INFO| - [tb_gateway_service.py] - tb_gateway_service - __stop_gateway - 375 - The gateway has been stopped."
""2023-01-13 20:11:29" - |INFO| - [tb_gateway_service.py] - tb_gateway_service - __init__ - 149 - Gateway starting..."
""2023-01-13 20:11:29" - |INFO| - [tb_gateway_service.py] - tb_gateway_service - __init__ - 154 - ThingsBoard IoT gateway version: 3.2"
""2023-01-13 20:11:29" - |INFO| - [tb_loader.py] - tb_loader - import_module - 68 - Import GrpcMqttConnector from /home/viet/working_space/mqtt-thingsboard/thingsboard-gateway/thingsboard_gateway/grpc_connectors/mqtt."
""2023-01-13 20:11:29" - |INFO| - [tb_loader.py] - tb_loader - import_module - 68 - Import MqttConnector from /home/viet/working_space/mqtt-thingsboard/thingsboard-gateway/thingsboard_gateway/connectors/mqtt."
""2023-01-13 20:11:29" - |INFO| - [tb_gateway_service.py] - tb_gateway_service - __init__ - 263 - Gateway started."
""2023-01-13 20:11:29" - |INFO| - [tb_loader.py] - tb_loader - import_module - 68 - Import JsonMqttUplinkConverter from /home/viet/working_space/mqtt-thingsboard/thingsboard-gateway/thingsboard_gateway/connectors/mqtt."
""2023-01-13 20:11:29" - |INFO| - [tb_loader.py] - tb_loader - import_module - 68 - Import BytesMqttUplinkConverter from /home/viet/working_space/mqtt-thingsboard/thingsboard-gateway/thingsboard_gateway/connectors/mqtt."
""2023-01-13 20:11:29" - |INFO| - [tb_loader.py] - tb_loader - import_module - 68 - Import CustomMqttUplinkConverter from /home/viet/working_space/mqtt-thingsboard/thingsboard-gateway/thingsboard_gateway/extensions/mqtt."
""2023-01-13 20:11:30" - |INFO| - [tb_updater.py] - tb_updater - check_for_new_version - 84 - v3.2"
""2023-01-13 20:11:30" - |INFO| - [tb_updater.py] - tb_updater - check_for_new_version - 86 - 

[===UPDATE===]

 New version v3.2 is available! 

[===UPDATE===]
"
""2023-01-13 20:12:21" - |INFO| - [tb_gateway_service.py] - tb_gateway_service - rpc_with_reply_processing - 1040 - Outgoing RPC. Device: Group-Led-1, ID: 20"
""2023-01-13 20:12:35" - |INFO| - [tb_gateway_service.py] - tb_gateway_service - rpc_with_reply_processing - 1040 - Outgoing RPC. Device: Group-Led-1, ID: 21"
""2023-01-13 20:12:37" - |INFO| - [tb_gateway_service.py] - tb_gateway_service - rpc_with_reply_processing - 1040 - Outgoing RPC. Device: Group-Led-1, ID: 22"
""2023-01-13 20:15:00" - |INFO| - [tb_gateway_service.py] - tb_gateway_service - rpc_with_reply_processing - 1040 - Outgoing RPC. Device: Group-Led-1, ID: 24"
""2023-01-13 20:15:02" - |INFO| - [tb_gateway_service.py] - tb_gateway_service - rpc_with_reply_processing - 1040 - Outgoing RPC. Device: Group-Led-1, ID: 25"
""2023-01-13 20:15:03" - |INFO| - [tb_gateway_service.py] - tb_gateway_service - rpc_with_reply_processing - 1040 - Outgoing RPC. Device: Group-Led-1, ID: 26"
""2023-01-13 20:15:05" - |INFO| - [tb_gateway_service.py] - tb_gateway_service - rpc_with_reply_processing - 1040 - Outgoing RPC. Device: Group-Led-1, ID: 27"
""2023-01-13 20:17:56" - |INFO| - [tb_gateway_service.py] - tb_gateway_service - rpc_with_reply_processing - 1040 - Outgoing RPC. Device: Group-Led-1, ID: 28"
""2023-01-13 20:18:02" - |INFO| - [tb_gateway_service.py] - tb_gateway_service - rpc_with_reply_processing - 1040 - Outgoing RPC. Device: Group-Led-1, ID: 29"
""2023-01-13 20:20:39" - |INFO| - [tb_gateway_service.py] - tb_gateway_service - rpc_with_reply_processing - 1040 - Outgoing RPC. Device: Group-Led-1, ID: 31"
